harry/01 Harry Potter and the Sorcerers Stone.txt_cleaned 436000 characters
harry/02 Harry Potter and the Chamber of Secrets.txt_cleaned 488771 characters
harry/03 Harry Potter and the Prisoner of Azkaban.txt_cleaned 621137 characters
harry/04 Harry Potter and the Goblet of Fire.txt_cleaned 1093670 characters
harry/05 Harry Potter and the Order of the Phoenix.txt_cleaned 1489734 characters
harry/06 Harry Potter and the Half-Blood Prince.txt_cleaned 982041 characters
harry/07 Harry Potter and the Deathly Hallows.txt_cleaned 1133063 characters
alice/alice.txt_cleaned 143225 characters
글자수: 26 토큰수 6
[18308, 14179, 373, 257, 18731, 13]
Harry Potter was a wizard.
18308	 -> Harry
14179	 ->  Potter
373	 ->  was
257	 ->  a
18731	 ->  wizard
13	 -> .
H -> [39] -> H
a -> [64] -> a
r -> [81] -> r
r -> [81] -> r
y -> [88] -> y
  -> [220] ->  
P -> [47] -> P
o -> [78] -> o
t -> [83] -> t
t -> [83] -> t
e -> [68] -> e
r -> [81] -> r
  -> [220] ->  
w -> [86] -> w
a -> [64] -> a
s -> [82] -> s
  -> [220] ->  
a -> [64] -> a
  -> [220] ->  
w -> [86] -> w
i -> [72] -> i
z -> [89] -> z
a -> [64] -> a
r -> [81] -> r
d -> [67] -> d
. -> [13] -> .
# of tokens in txt: 248288
 injured. “Great capture, Harry, really spectacular, your best yet, I’d say —” Through the thicket of legs around him
. “Great capture, Harry, really spectacular, your best yet, I’d say —” Through the thicket of legs around him,
cuda
Epoch 1/100 - starting (484 batches)
Epoch 1/100 Step 1/484 | global_step=0 | tokens_seen=4096
[Milestone] Epoch 1/100 Step 1/484 | tokens_seen=4096
Epoch 1/100 Step 50/484 | global_step=49 | tokens_seen=204800
Epoch 1/100 Step 100/484 | global_step=99 | tokens_seen=409600
Epoch 1/100 Step 150/484 | global_step=149 | tokens_seen=614400
Epoch 1/100 Step 200/484 | global_step=199 | tokens_seen=819200
Epoch 1/100 Step 250/484 | global_step=249 | tokens_seen=1024000
Epoch 1/100 Step 300/484 | global_step=299 | tokens_seen=1228800
Epoch 1/100 Step 350/484 | global_step=349 | tokens_seen=1433600
Epoch 1/100 Step 400/484 | global_step=399 | tokens_seen=1638400
Epoch 1/100 Step 450/484 | global_step=449 | tokens_seen=1843200
Epoch 1/100 Step 484/484 | global_step=483 | tokens_seen=1982464
Epoch: 1, Loss: 3.9948931715705176
Epoch 2/100 - starting (484 batches)
Epoch 2/100 Step 1/484 | global_step=484 | tokens_seen=1986560
Epoch 2/100 Step 50/484 | global_step=533 | tokens_seen=2187264
Epoch 2/100 Step 100/484 | global_step=583 | tokens_seen=2392064
Epoch 2/100 Step 150/484 | global_step=633 | tokens_seen=2596864
Epoch 2/100 Step 200/484 | global_step=683 | tokens_seen=2801664
Epoch 2/100 Step 250/484 | global_step=733 | tokens_seen=3006464
Epoch 2/100 Step 300/484 | global_step=783 | tokens_seen=3211264
Epoch 2/100 Step 350/484 | global_step=833 | tokens_seen=3416064
Epoch 2/100 Step 400/484 | global_step=883 | tokens_seen=3620864
Epoch 2/100 Step 450/484 | global_step=933 | tokens_seen=3825664
Epoch 2/100 Step 484/484 | global_step=967 | tokens_seen=3964928
Epoch: 2, Loss: 1.9003347143653995
Epoch 3/100 - starting (484 batches)
Epoch 3/100 Step 1/484 | global_step=968 | tokens_seen=3969024
[Milestone] Epoch 3/100 Step 33/484 | tokens_seen=4100096
Epoch 3/100 Step 50/484 | global_step=1017 | tokens_seen=4169728
Epoch 3/100 Step 100/484 | global_step=1067 | tokens_seen=4374528
Epoch 3/100 Step 150/484 | global_step=1117 | tokens_seen=4579328
Epoch 3/100 Step 200/484 | global_step=1167 | tokens_seen=4784128
Epoch 3/100 Step 250/484 | global_step=1217 | tokens_seen=4988928
Epoch 3/100 Step 300/484 | global_step=1267 | tokens_seen=5193728
Epoch 3/100 Step 350/484 | global_step=1317 | tokens_seen=5398528
Epoch 3/100 Step 400/484 | global_step=1367 | tokens_seen=5603328
Epoch 3/100 Step 450/484 | global_step=1417 | tokens_seen=5808128
Epoch 3/100 Step 484/484 | global_step=1451 | tokens_seen=5947392
Epoch: 3, Loss: 0.6986611373414678
Epoch 4/100 - starting (484 batches)
Epoch 4/100 Step 1/484 | global_step=1452 | tokens_seen=5951488
Epoch 4/100 Step 50/484 | global_step=1501 | tokens_seen=6152192
Epoch 4/100 Step 100/484 | global_step=1551 | tokens_seen=6356992
Epoch 4/100 Step 150/484 | global_step=1601 | tokens_seen=6561792
Epoch 4/100 Step 200/484 | global_step=1651 | tokens_seen=6766592
Epoch 4/100 Step 250/484 | global_step=1701 | tokens_seen=6971392
Epoch 4/100 Step 300/484 | global_step=1751 | tokens_seen=7176192
Epoch 4/100 Step 350/484 | global_step=1801 | tokens_seen=7380992
Epoch 4/100 Step 400/484 | global_step=1851 | tokens_seen=7585792
Epoch 4/100 Step 450/484 | global_step=1901 | tokens_seen=7790592
Epoch 4/100 Step 484/484 | global_step=1935 | tokens_seen=7929856
Epoch: 4, Loss: 0.4145244933233773
Epoch 5/100 - starting (484 batches)
Epoch 5/100 Step 1/484 | global_step=1936 | tokens_seen=7933952
Epoch 5/100 Step 50/484 | global_step=1985 | tokens_seen=8134656
[Milestone] Epoch 5/100 Step 65/484 | tokens_seen=8196096
Epoch 5/100 Step 100/484 | global_step=2035 | tokens_seen=8339456
Epoch 5/100 Step 150/484 | global_step=2085 | tokens_seen=8544256
Epoch 5/100 Step 200/484 | global_step=2135 | tokens_seen=8749056
Epoch 5/100 Step 250/484 | global_step=2185 | tokens_seen=8953856
Epoch 5/100 Step 300/484 | global_step=2235 | tokens_seen=9158656
Epoch 5/100 Step 350/484 | global_step=2285 | tokens_seen=9363456
Epoch 5/100 Step 400/484 | global_step=2335 | tokens_seen=9568256
Epoch 5/100 Step 450/484 | global_step=2385 | tokens_seen=9773056
Epoch 5/100 Step 484/484 | global_step=2419 | tokens_seen=9912320
Epoch: 5, Loss: 0.3419414912004116
Epoch 6/100 - starting (484 batches)
Epoch 6/100 Step 1/484 | global_step=2420 | tokens_seen=9916416
Epoch 6/100 Step 50/484 | global_step=2469 | tokens_seen=10117120
Epoch 6/100 Step 100/484 | global_step=2519 | tokens_seen=10321920
Epoch 6/100 Step 150/484 | global_step=2569 | tokens_seen=10526720
Epoch 6/100 Step 200/484 | global_step=2619 | tokens_seen=10731520
Epoch 6/100 Step 250/484 | global_step=2669 | tokens_seen=10936320
Epoch 6/100 Step 300/484 | global_step=2719 | tokens_seen=11141120
Epoch 6/100 Step 350/484 | global_step=2769 | tokens_seen=11345920
Epoch 6/100 Step 400/484 | global_step=2819 | tokens_seen=11550720
Epoch 6/100 Step 450/484 | global_step=2869 | tokens_seen=11755520
Epoch 6/100 Step 484/484 | global_step=2903 | tokens_seen=11894784
Epoch: 6, Loss: 0.31228155889048065
Epoch 7/100 - starting (484 batches)
Epoch 7/100 Step 1/484 | global_step=2904 | tokens_seen=11898880
Epoch 7/100 Step 50/484 | global_step=2953 | tokens_seen=12099584
[Milestone] Epoch 7/100 Step 97/484 | tokens_seen=12292096
Epoch 7/100 Step 100/484 | global_step=3003 | tokens_seen=12304384
Epoch 7/100 Step 150/484 | global_step=3053 | tokens_seen=12509184
Epoch 7/100 Step 200/484 | global_step=3103 | tokens_seen=12713984
Epoch 7/100 Step 250/484 | global_step=3153 | tokens_seen=12918784
Epoch 7/100 Step 300/484 | global_step=3203 | tokens_seen=13123584
Epoch 7/100 Step 350/484 | global_step=3253 | tokens_seen=13328384
Epoch 7/100 Step 400/484 | global_step=3303 | tokens_seen=13533184
Epoch 7/100 Step 450/484 | global_step=3353 | tokens_seen=13737984
Epoch 7/100 Step 484/484 | global_step=3387 | tokens_seen=13877248
Epoch: 7, Loss: 0.2952095792929003
Epoch 8/100 - starting (484 batches)
Epoch 8/100 Step 1/484 | global_step=3388 | tokens_seen=13881344
Epoch 8/100 Step 50/484 | global_step=3437 | tokens_seen=14082048
Epoch 8/100 Step 100/484 | global_step=3487 | tokens_seen=14286848
Epoch 8/100 Step 150/484 | global_step=3537 | tokens_seen=14491648
Epoch 8/100 Step 200/484 | global_step=3587 | tokens_seen=14696448
Epoch 8/100 Step 250/484 | global_step=3637 | tokens_seen=14901248
Epoch 8/100 Step 300/484 | global_step=3687 | tokens_seen=15106048
Epoch 8/100 Step 350/484 | global_step=3737 | tokens_seen=15310848
Epoch 8/100 Step 400/484 | global_step=3787 | tokens_seen=15515648
Epoch 8/100 Step 450/484 | global_step=3837 | tokens_seen=15720448
Epoch 8/100 Step 484/484 | global_step=3871 | tokens_seen=15859712
Epoch: 8, Loss: 0.28336558078438784
Epoch 9/100 - starting (484 batches)
Epoch 9/100 Step 1/484 | global_step=3872 | tokens_seen=15863808
Epoch 9/100 Step 50/484 | global_step=3921 | tokens_seen=16064512
Epoch 9/100 Step 100/484 | global_step=3971 | tokens_seen=16269312
[Milestone] Epoch 9/100 Step 129/484 | tokens_seen=16388096
Epoch 9/100 Step 150/484 | global_step=4021 | tokens_seen=16474112
Epoch 9/100 Step 200/484 | global_step=4071 | tokens_seen=16678912
Epoch 9/100 Step 250/484 | global_step=4121 | tokens_seen=16883712
Epoch 9/100 Step 300/484 | global_step=4171 | tokens_seen=17088512
Epoch 9/100 Step 350/484 | global_step=4221 | tokens_seen=17293312
Epoch 9/100 Step 400/484 | global_step=4271 | tokens_seen=17498112
Epoch 9/100 Step 450/484 | global_step=4321 | tokens_seen=17702912
Epoch 9/100 Step 484/484 | global_step=4355 | tokens_seen=17842176
Epoch: 9, Loss: 0.2734665651151464
Epoch 10/100 - starting (484 batches)
Epoch 10/100 Step 1/484 | global_step=4356 | tokens_seen=17846272
Epoch 10/100 Step 50/484 | global_step=4405 | tokens_seen=18046976
Epoch 10/100 Step 100/484 | global_step=4455 | tokens_seen=18251776
Epoch 10/100 Step 150/484 | global_step=4505 | tokens_seen=18456576
Epoch 10/100 Step 200/484 | global_step=4555 | tokens_seen=18661376
Epoch 10/100 Step 250/484 | global_step=4605 | tokens_seen=18866176
Epoch 10/100 Step 300/484 | global_step=4655 | tokens_seen=19070976
Epoch 10/100 Step 350/484 | global_step=4705 | tokens_seen=19275776
Epoch 10/100 Step 400/484 | global_step=4755 | tokens_seen=19480576
Epoch 10/100 Step 450/484 | global_step=4805 | tokens_seen=19685376
Epoch 10/100 Step 484/484 | global_step=4839 | tokens_seen=19824640
Epoch: 10, Loss: 0.26634909218746766
Epoch 11/100 - starting (484 batches)
Epoch 11/100 Step 1/484 | global_step=4840 | tokens_seen=19828736
Epoch 11/100 Step 50/484 | global_step=4889 | tokens_seen=20029440
Epoch 11/100 Step 100/484 | global_step=4939 | tokens_seen=20234240
Epoch 11/100 Step 150/484 | global_step=4989 | tokens_seen=20439040
[Milestone] Epoch 11/100 Step 161/484 | tokens_seen=20484096
Epoch 11/100 Step 200/484 | global_step=5039 | tokens_seen=20643840
Epoch 11/100 Step 250/484 | global_step=5089 | tokens_seen=20848640
Epoch 11/100 Step 300/484 | global_step=5139 | tokens_seen=21053440
Epoch 11/100 Step 350/484 | global_step=5189 | tokens_seen=21258240
Epoch 11/100 Step 400/484 | global_step=5239 | tokens_seen=21463040
Epoch 11/100 Step 450/484 | global_step=5289 | tokens_seen=21667840
Epoch 11/100 Step 484/484 | global_step=5323 | tokens_seen=21807104
Epoch: 11, Loss: 0.26149939373135567
Epoch 12/100 - starting (484 batches)
Epoch 12/100 Step 1/484 | global_step=5324 | tokens_seen=21811200
Epoch 12/100 Step 50/484 | global_step=5373 | tokens_seen=22011904
Epoch 12/100 Step 100/484 | global_step=5423 | tokens_seen=22216704
Epoch 12/100 Step 150/484 | global_step=5473 | tokens_seen=22421504
Epoch 12/100 Step 200/484 | global_step=5523 | tokens_seen=22626304
Epoch 12/100 Step 250/484 | global_step=5573 | tokens_seen=22831104
Epoch 12/100 Step 300/484 | global_step=5623 | tokens_seen=23035904
Epoch 12/100 Step 350/484 | global_step=5673 | tokens_seen=23240704
Epoch 12/100 Step 400/484 | global_step=5723 | tokens_seen=23445504
Epoch 12/100 Step 450/484 | global_step=5773 | tokens_seen=23650304
Epoch 12/100 Step 484/484 | global_step=5807 | tokens_seen=23789568
Epoch: 12, Loss: 0.25588702327333207
Epoch 13/100 - starting (484 batches)
Epoch 13/100 Step 1/484 | global_step=5808 | tokens_seen=23793664
Epoch 13/100 Step 50/484 | global_step=5857 | tokens_seen=23994368
Epoch 13/100 Step 100/484 | global_step=5907 | tokens_seen=24199168
Epoch 13/100 Step 150/484 | global_step=5957 | tokens_seen=24403968
[Milestone] Epoch 13/100 Step 193/484 | tokens_seen=24580096
Epoch 13/100 Step 200/484 | global_step=6007 | tokens_seen=24608768
Epoch 13/100 Step 250/484 | global_step=6057 | tokens_seen=24813568
Epoch 13/100 Step 300/484 | global_step=6107 | tokens_seen=25018368
Epoch 13/100 Step 350/484 | global_step=6157 | tokens_seen=25223168
Epoch 13/100 Step 400/484 | global_step=6207 | tokens_seen=25427968
Epoch 13/100 Step 450/484 | global_step=6257 | tokens_seen=25632768
Epoch 13/100 Step 484/484 | global_step=6291 | tokens_seen=25772032
Epoch: 13, Loss: 0.250919614787683
Epoch 14/100 - starting (484 batches)
Epoch 14/100 Step 1/484 | global_step=6292 | tokens_seen=25776128
Epoch 14/100 Step 50/484 | global_step=6341 | tokens_seen=25976832
Epoch 14/100 Step 100/484 | global_step=6391 | tokens_seen=26181632
Epoch 14/100 Step 150/484 | global_step=6441 | tokens_seen=26386432
Epoch 14/100 Step 200/484 | global_step=6491 | tokens_seen=26591232
Epoch 14/100 Step 250/484 | global_step=6541 | tokens_seen=26796032
Epoch 14/100 Step 300/484 | global_step=6591 | tokens_seen=27000832
Epoch 14/100 Step 350/484 | global_step=6641 | tokens_seen=27205632
Epoch 14/100 Step 400/484 | global_step=6691 | tokens_seen=27410432
Epoch 14/100 Step 450/484 | global_step=6741 | tokens_seen=27615232
Epoch 14/100 Step 484/484 | global_step=6775 | tokens_seen=27754496
Epoch: 14, Loss: 0.2469782078684854
Epoch 15/100 - starting (484 batches)
Epoch 15/100 Step 1/484 | global_step=6776 | tokens_seen=27758592
Epoch 15/100 Step 50/484 | global_step=6825 | tokens_seen=27959296
Epoch 15/100 Step 100/484 | global_step=6875 | tokens_seen=28164096
Epoch 15/100 Step 150/484 | global_step=6925 | tokens_seen=28368896
Epoch 15/100 Step 200/484 | global_step=6975 | tokens_seen=28573696
[Milestone] Epoch 15/100 Step 225/484 | tokens_seen=28676096
Epoch 15/100 Step 250/484 | global_step=7025 | tokens_seen=28778496
Epoch 15/100 Step 300/484 | global_step=7075 | tokens_seen=28983296
Epoch 15/100 Step 350/484 | global_step=7125 | tokens_seen=29188096
Epoch 15/100 Step 400/484 | global_step=7175 | tokens_seen=29392896
Epoch 15/100 Step 450/484 | global_step=7225 | tokens_seen=29597696
Epoch 15/100 Step 484/484 | global_step=7259 | tokens_seen=29736960
Epoch: 15, Loss: 0.24348001828617302
Epoch 16/100 - starting (484 batches)
Epoch 16/100 Step 1/484 | global_step=7260 | tokens_seen=29741056
Epoch 16/100 Step 50/484 | global_step=7309 | tokens_seen=29941760
Epoch 16/100 Step 100/484 | global_step=7359 | tokens_seen=30146560
Epoch 16/100 Step 150/484 | global_step=7409 | tokens_seen=30351360
Epoch 16/100 Step 200/484 | global_step=7459 | tokens_seen=30556160
Epoch 16/100 Step 250/484 | global_step=7509 | tokens_seen=30760960
Epoch 16/100 Step 300/484 | global_step=7559 | tokens_seen=30965760
Epoch 16/100 Step 350/484 | global_step=7609 | tokens_seen=31170560
Epoch 16/100 Step 400/484 | global_step=7659 | tokens_seen=31375360
Epoch 16/100 Step 450/484 | global_step=7709 | tokens_seen=31580160
Epoch 16/100 Step 484/484 | global_step=7743 | tokens_seen=31719424
Epoch: 16, Loss: 0.24037970737977463
Epoch 17/100 - starting (484 batches)
Epoch 17/100 Step 1/484 | global_step=7744 | tokens_seen=31723520
Epoch 17/100 Step 50/484 | global_step=7793 | tokens_seen=31924224
Epoch 17/100 Step 100/484 | global_step=7843 | tokens_seen=32129024
Epoch 17/100 Step 150/484 | global_step=7893 | tokens_seen=32333824
Epoch 17/100 Step 200/484 | global_step=7943 | tokens_seen=32538624
Epoch 17/100 Step 250/484 | global_step=7993 | tokens_seen=32743424
[Milestone] Epoch 17/100 Step 257/484 | tokens_seen=32772096
Epoch 17/100 Step 300/484 | global_step=8043 | tokens_seen=32948224
Epoch 17/100 Step 350/484 | global_step=8093 | tokens_seen=33153024
Epoch 17/100 Step 400/484 | global_step=8143 | tokens_seen=33357824
Epoch 17/100 Step 450/484 | global_step=8193 | tokens_seen=33562624
Epoch 17/100 Step 484/484 | global_step=8227 | tokens_seen=33701888
Epoch: 17, Loss: 0.2376599143728737
Epoch 18/100 - starting (484 batches)
Epoch 18/100 Step 1/484 | global_step=8228 | tokens_seen=33705984
Epoch 18/100 Step 50/484 | global_step=8277 | tokens_seen=33906688
Epoch 18/100 Step 100/484 | global_step=8327 | tokens_seen=34111488
Epoch 18/100 Step 150/484 | global_step=8377 | tokens_seen=34316288
Epoch 18/100 Step 200/484 | global_step=8427 | tokens_seen=34521088
Epoch 18/100 Step 250/484 | global_step=8477 | tokens_seen=34725888
Epoch 18/100 Step 300/484 | global_step=8527 | tokens_seen=34930688
Epoch 18/100 Step 350/484 | global_step=8577 | tokens_seen=35135488
Epoch 18/100 Step 400/484 | global_step=8627 | tokens_seen=35340288
Epoch 18/100 Step 450/484 | global_step=8677 | tokens_seen=35545088
Epoch 18/100 Step 484/484 | global_step=8711 | tokens_seen=35684352
Epoch: 18, Loss: 0.2346750226272039
Epoch 19/100 - starting (484 batches)
Epoch 19/100 Step 1/484 | global_step=8712 | tokens_seen=35688448
Epoch 19/100 Step 50/484 | global_step=8761 | tokens_seen=35889152
Epoch 19/100 Step 100/484 | global_step=8811 | tokens_seen=36093952
Epoch 19/100 Step 150/484 | global_step=8861 | tokens_seen=36298752
Epoch 19/100 Step 200/484 | global_step=8911 | tokens_seen=36503552
Epoch 19/100 Step 250/484 | global_step=8961 | tokens_seen=36708352
[Milestone] Epoch 19/100 Step 289/484 | tokens_seen=36868096
Epoch 19/100 Step 300/484 | global_step=9011 | tokens_seen=36913152
Epoch 19/100 Step 350/484 | global_step=9061 | tokens_seen=37117952
Epoch 19/100 Step 400/484 | global_step=9111 | tokens_seen=37322752
Epoch 19/100 Step 450/484 | global_step=9161 | tokens_seen=37527552
Epoch 19/100 Step 484/484 | global_step=9195 | tokens_seen=37666816
Epoch: 19, Loss: 0.23319615762342105
Epoch 20/100 - starting (484 batches)
Epoch 20/100 Step 1/484 | global_step=9196 | tokens_seen=37670912
Epoch 20/100 Step 50/484 | global_step=9245 | tokens_seen=37871616
Epoch 20/100 Step 100/484 | global_step=9295 | tokens_seen=38076416
Epoch 20/100 Step 150/484 | global_step=9345 | tokens_seen=38281216
Epoch 20/100 Step 200/484 | global_step=9395 | tokens_seen=38486016
Epoch 20/100 Step 250/484 | global_step=9445 | tokens_seen=38690816
Epoch 20/100 Step 300/484 | global_step=9495 | tokens_seen=38895616
Epoch 20/100 Step 350/484 | global_step=9545 | tokens_seen=39100416
Epoch 20/100 Step 400/484 | global_step=9595 | tokens_seen=39305216
Epoch 20/100 Step 450/484 | global_step=9645 | tokens_seen=39510016
Epoch 20/100 Step 484/484 | global_step=9679 | tokens_seen=39649280
Epoch: 20, Loss: 0.23040615505546577
Epoch 21/100 - starting (484 batches)
Epoch 21/100 Step 1/484 | global_step=9680 | tokens_seen=39653376
Epoch 21/100 Step 50/484 | global_step=9729 | tokens_seen=39854080
Epoch 21/100 Step 100/484 | global_step=9779 | tokens_seen=40058880
Epoch 21/100 Step 150/484 | global_step=9829 | tokens_seen=40263680
Epoch 21/100 Step 200/484 | global_step=9879 | tokens_seen=40468480
Epoch 21/100 Step 250/484 | global_step=9929 | tokens_seen=40673280
Epoch 21/100 Step 300/484 | global_step=9979 | tokens_seen=40878080
[Milestone] Epoch 21/100 Step 321/484 | tokens_seen=40964096
Epoch 21/100 Step 350/484 | global_step=10029 | tokens_seen=41082880
Epoch 21/100 Step 400/484 | global_step=10079 | tokens_seen=41287680
Epoch 21/100 Step 450/484 | global_step=10129 | tokens_seen=41492480
Epoch 21/100 Step 484/484 | global_step=10163 | tokens_seen=41631744
Epoch: 21, Loss: 0.22768909810495772
Epoch 22/100 - starting (484 batches)
Epoch 22/100 Step 1/484 | global_step=10164 | tokens_seen=41635840
Epoch 22/100 Step 50/484 | global_step=10213 | tokens_seen=41836544
Epoch 22/100 Step 100/484 | global_step=10263 | tokens_seen=42041344
Epoch 22/100 Step 150/484 | global_step=10313 | tokens_seen=42246144
Epoch 22/100 Step 200/484 | global_step=10363 | tokens_seen=42450944
Epoch 22/100 Step 250/484 | global_step=10413 | tokens_seen=42655744
Epoch 22/100 Step 300/484 | global_step=10463 | tokens_seen=42860544
Epoch 22/100 Step 350/484 | global_step=10513 | tokens_seen=43065344
Epoch 22/100 Step 400/484 | global_step=10563 | tokens_seen=43270144
Epoch 22/100 Step 450/484 | global_step=10613 | tokens_seen=43474944
Epoch 22/100 Step 484/484 | global_step=10647 | tokens_seen=43614208
Epoch: 22, Loss: 0.22671174282623716
Epoch 23/100 - starting (484 batches)
Epoch 23/100 Step 1/484 | global_step=10648 | tokens_seen=43618304
Epoch 23/100 Step 50/484 | global_step=10697 | tokens_seen=43819008
Epoch 23/100 Step 100/484 | global_step=10747 | tokens_seen=44023808
Epoch 23/100 Step 150/484 | global_step=10797 | tokens_seen=44228608
Epoch 23/100 Step 200/484 | global_step=10847 | tokens_seen=44433408
Epoch 23/100 Step 250/484 | global_step=10897 | tokens_seen=44638208
Epoch 23/100 Step 300/484 | global_step=10947 | tokens_seen=44843008
Epoch 23/100 Step 350/484 | global_step=10997 | tokens_seen=45047808
[Milestone] Epoch 23/100 Step 353/484 | tokens_seen=45060096
Epoch 23/100 Step 400/484 | global_step=11047 | tokens_seen=45252608
Epoch 23/100 Step 450/484 | global_step=11097 | tokens_seen=45457408
Epoch 23/100 Step 484/484 | global_step=11131 | tokens_seen=45596672
Epoch: 23, Loss: 0.2252476483214
Epoch 24/100 - starting (484 batches)
Epoch 24/100 Step 1/484 | global_step=11132 | tokens_seen=45600768
Epoch 24/100 Step 50/484 | global_step=11181 | tokens_seen=45801472
Epoch 24/100 Step 100/484 | global_step=11231 | tokens_seen=46006272
Epoch 24/100 Step 150/484 | global_step=11281 | tokens_seen=46211072
Epoch 24/100 Step 200/484 | global_step=11331 | tokens_seen=46415872
Epoch 24/100 Step 250/484 | global_step=11381 | tokens_seen=46620672
Epoch 24/100 Step 300/484 | global_step=11431 | tokens_seen=46825472
Epoch 24/100 Step 350/484 | global_step=11481 | tokens_seen=47030272
Epoch 24/100 Step 400/484 | global_step=11531 | tokens_seen=47235072
Epoch 24/100 Step 450/484 | global_step=11581 | tokens_seen=47439872
Epoch 24/100 Step 484/484 | global_step=11615 | tokens_seen=47579136
Epoch: 24, Loss: 0.22334332690258657
Epoch 25/100 - starting (484 batches)
Epoch 25/100 Step 1/484 | global_step=11616 | tokens_seen=47583232
Epoch 25/100 Step 50/484 | global_step=11665 | tokens_seen=47783936
Epoch 25/100 Step 100/484 | global_step=11715 | tokens_seen=47988736
Epoch 25/100 Step 150/484 | global_step=11765 | tokens_seen=48193536
Epoch 25/100 Step 200/484 | global_step=11815 | tokens_seen=48398336
Epoch 25/100 Step 250/484 | global_step=11865 | tokens_seen=48603136
Epoch 25/100 Step 300/484 | global_step=11915 | tokens_seen=48807936
Epoch 25/100 Step 350/484 | global_step=11965 | tokens_seen=49012736
[Milestone] Epoch 25/100 Step 385/484 | tokens_seen=49156096
Epoch 25/100 Step 400/484 | global_step=12015 | tokens_seen=49217536
Epoch 25/100 Step 450/484 | global_step=12065 | tokens_seen=49422336
Epoch 25/100 Step 484/484 | global_step=12099 | tokens_seen=49561600
Epoch: 25, Loss: 0.2223049026013406
Epoch 26/100 - starting (484 batches)
Epoch 26/100 Step 1/484 | global_step=12100 | tokens_seen=49565696
Epoch 26/100 Step 50/484 | global_step=12149 | tokens_seen=49766400
Epoch 26/100 Step 100/484 | global_step=12199 | tokens_seen=49971200
Epoch 26/100 Step 150/484 | global_step=12249 | tokens_seen=50176000
Epoch 26/100 Step 200/484 | global_step=12299 | tokens_seen=50380800
Epoch 26/100 Step 250/484 | global_step=12349 | tokens_seen=50585600
Epoch 26/100 Step 300/484 | global_step=12399 | tokens_seen=50790400
Epoch 26/100 Step 350/484 | global_step=12449 | tokens_seen=50995200
Epoch 26/100 Step 400/484 | global_step=12499 | tokens_seen=51200000
Epoch 26/100 Step 450/484 | global_step=12549 | tokens_seen=51404800
Epoch 26/100 Step 484/484 | global_step=12583 | tokens_seen=51544064
Epoch: 26, Loss: 0.22124171805036955
Epoch 27/100 - starting (484 batches)
Epoch 27/100 Step 1/484 | global_step=12584 | tokens_seen=51548160
Epoch 27/100 Step 50/484 | global_step=12633 | tokens_seen=51748864
Epoch 27/100 Step 100/484 | global_step=12683 | tokens_seen=51953664
Epoch 27/100 Step 150/484 | global_step=12733 | tokens_seen=52158464
Epoch 27/100 Step 200/484 | global_step=12783 | tokens_seen=52363264
Epoch 27/100 Step 250/484 | global_step=12833 | tokens_seen=52568064
Epoch 27/100 Step 300/484 | global_step=12883 | tokens_seen=52772864
Epoch 27/100 Step 350/484 | global_step=12933 | tokens_seen=52977664
Epoch 27/100 Step 400/484 | global_step=12983 | tokens_seen=53182464
[Milestone] Epoch 27/100 Step 417/484 | tokens_seen=53252096
Epoch 27/100 Step 450/484 | global_step=13033 | tokens_seen=53387264
Epoch 27/100 Step 484/484 | global_step=13067 | tokens_seen=53526528
Epoch: 27, Loss: 0.21836568987812877
Epoch 28/100 - starting (484 batches)
Epoch 28/100 Step 1/484 | global_step=13068 | tokens_seen=53530624
Epoch 28/100 Step 50/484 | global_step=13117 | tokens_seen=53731328
Epoch 28/100 Step 100/484 | global_step=13167 | tokens_seen=53936128
Epoch 28/100 Step 150/484 | global_step=13217 | tokens_seen=54140928
Epoch 28/100 Step 200/484 | global_step=13267 | tokens_seen=54345728
Epoch 28/100 Step 250/484 | global_step=13317 | tokens_seen=54550528
Epoch 28/100 Step 300/484 | global_step=13367 | tokens_seen=54755328
Epoch 28/100 Step 350/484 | global_step=13417 | tokens_seen=54960128
Epoch 28/100 Step 400/484 | global_step=13467 | tokens_seen=55164928
Epoch 28/100 Step 450/484 | global_step=13517 | tokens_seen=55369728
Epoch 28/100 Step 484/484 | global_step=13551 | tokens_seen=55508992
Epoch: 28, Loss: 0.21789708136280705
Epoch 29/100 - starting (484 batches)
Epoch 29/100 Step 1/484 | global_step=13552 | tokens_seen=55513088
Epoch 29/100 Step 50/484 | global_step=13601 | tokens_seen=55713792
Epoch 29/100 Step 100/484 | global_step=13651 | tokens_seen=55918592
Epoch 29/100 Step 150/484 | global_step=13701 | tokens_seen=56123392
Epoch 29/100 Step 200/484 | global_step=13751 | tokens_seen=56328192
Epoch 29/100 Step 250/484 | global_step=13801 | tokens_seen=56532992
Epoch 29/100 Step 300/484 | global_step=13851 | tokens_seen=56737792
Epoch 29/100 Step 350/484 | global_step=13901 | tokens_seen=56942592
Epoch 29/100 Step 400/484 | global_step=13951 | tokens_seen=57147392
[Milestone] Epoch 29/100 Step 449/484 | tokens_seen=57348096
Epoch 29/100 Step 450/484 | global_step=14001 | tokens_seen=57352192
Epoch 29/100 Step 484/484 | global_step=14035 | tokens_seen=57491456
Epoch: 29, Loss: 0.21728800822141742
Epoch 30/100 - starting (484 batches)
Epoch 30/100 Step 1/484 | global_step=14036 | tokens_seen=57495552
Epoch 30/100 Step 50/484 | global_step=14085 | tokens_seen=57696256
Epoch 30/100 Step 100/484 | global_step=14135 | tokens_seen=57901056
Epoch 30/100 Step 150/484 | global_step=14185 | tokens_seen=58105856
Epoch 30/100 Step 200/484 | global_step=14235 | tokens_seen=58310656
Epoch 30/100 Step 250/484 | global_step=14285 | tokens_seen=58515456
Epoch 30/100 Step 300/484 | global_step=14335 | tokens_seen=58720256
Epoch 30/100 Step 350/484 | global_step=14385 | tokens_seen=58925056
Epoch 30/100 Step 400/484 | global_step=14435 | tokens_seen=59129856
Epoch 30/100 Step 450/484 | global_step=14485 | tokens_seen=59334656
Epoch 30/100 Step 484/484 | global_step=14519 | tokens_seen=59473920
Epoch: 30, Loss: 0.21672828855716492
Epoch 31/100 - starting (484 batches)
Epoch 31/100 Step 1/484 | global_step=14520 | tokens_seen=59478016
Epoch 31/100 Step 50/484 | global_step=14569 | tokens_seen=59678720
Epoch 31/100 Step 100/484 | global_step=14619 | tokens_seen=59883520
Epoch 31/100 Step 150/484 | global_step=14669 | tokens_seen=60088320
Epoch 31/100 Step 200/484 | global_step=14719 | tokens_seen=60293120
Epoch 31/100 Step 250/484 | global_step=14769 | tokens_seen=60497920
Epoch 31/100 Step 300/484 | global_step=14819 | tokens_seen=60702720
Epoch 31/100 Step 350/484 | global_step=14869 | tokens_seen=60907520
Epoch 31/100 Step 400/484 | global_step=14919 | tokens_seen=61112320
Epoch 31/100 Step 450/484 | global_step=14969 | tokens_seen=61317120
[Milestone] Epoch 31/100 Step 481/484 | tokens_seen=61444096
Epoch 31/100 Step 484/484 | global_step=15003 | tokens_seen=61456384
Epoch: 31, Loss: 0.21550623195107318
Epoch 32/100 - starting (484 batches)
Epoch 32/100 Step 1/484 | global_step=15004 | tokens_seen=61460480
Epoch 32/100 Step 50/484 | global_step=15053 | tokens_seen=61661184
Epoch 32/100 Step 100/484 | global_step=15103 | tokens_seen=61865984
Epoch 32/100 Step 150/484 | global_step=15153 | tokens_seen=62070784
Epoch 32/100 Step 200/484 | global_step=15203 | tokens_seen=62275584
Epoch 32/100 Step 250/484 | global_step=15253 | tokens_seen=62480384
Epoch 32/100 Step 300/484 | global_step=15303 | tokens_seen=62685184
Epoch 32/100 Step 350/484 | global_step=15353 | tokens_seen=62889984
Epoch 32/100 Step 400/484 | global_step=15403 | tokens_seen=63094784
Epoch 32/100 Step 450/484 | global_step=15453 | tokens_seen=63299584
Epoch 32/100 Step 484/484 | global_step=15487 | tokens_seen=63438848
Epoch: 32, Loss: 0.21417309140617197
Epoch 33/100 - starting (484 batches)
Epoch 33/100 Step 1/484 | global_step=15488 | tokens_seen=63442944
Epoch 33/100 Step 50/484 | global_step=15537 | tokens_seen=63643648
Epoch 33/100 Step 100/484 | global_step=15587 | tokens_seen=63848448
Epoch 33/100 Step 150/484 | global_step=15637 | tokens_seen=64053248
Epoch 33/100 Step 200/484 | global_step=15687 | tokens_seen=64258048
Epoch 33/100 Step 250/484 | global_step=15737 | tokens_seen=64462848
Epoch 33/100 Step 300/484 | global_step=15787 | tokens_seen=64667648
Epoch 33/100 Step 350/484 | global_step=15837 | tokens_seen=64872448
Epoch 33/100 Step 400/484 | global_step=15887 | tokens_seen=65077248
Epoch 33/100 Step 450/484 | global_step=15937 | tokens_seen=65282048
Epoch 33/100 Step 484/484 | global_step=15971 | tokens_seen=65421312
Epoch: 33, Loss: 0.21249400833544652
Epoch 34/100 - starting (484 batches)
Epoch 34/100 Step 1/484 | global_step=15972 | tokens_seen=65425408
[Milestone] Epoch 34/100 Step 29/484 | tokens_seen=65540096
Epoch 34/100 Step 50/484 | global_step=16021 | tokens_seen=65626112
Epoch 34/100 Step 100/484 | global_step=16071 | tokens_seen=65830912
Epoch 34/100 Step 150/484 | global_step=16121 | tokens_seen=66035712
Epoch 34/100 Step 200/484 | global_step=16171 | tokens_seen=66240512
Epoch 34/100 Step 250/484 | global_step=16221 | tokens_seen=66445312
Epoch 34/100 Step 300/484 | global_step=16271 | tokens_seen=66650112
Epoch 34/100 Step 350/484 | global_step=16321 | tokens_seen=66854912
Epoch 34/100 Step 400/484 | global_step=16371 | tokens_seen=67059712
Epoch 34/100 Step 450/484 | global_step=16421 | tokens_seen=67264512
Epoch 34/100 Step 484/484 | global_step=16455 | tokens_seen=67403776
Epoch: 34, Loss: 0.21282375249857746
Epoch 35/100 - starting (484 batches)
Epoch 35/100 Step 1/484 | global_step=16456 | tokens_seen=67407872
Epoch 35/100 Step 50/484 | global_step=16505 | tokens_seen=67608576
Epoch 35/100 Step 100/484 | global_step=16555 | tokens_seen=67813376
Epoch 35/100 Step 150/484 | global_step=16605 | tokens_seen=68018176
Epoch 35/100 Step 200/484 | global_step=16655 | tokens_seen=68222976
Epoch 35/100 Step 250/484 | global_step=16705 | tokens_seen=68427776
Epoch 35/100 Step 300/484 | global_step=16755 | tokens_seen=68632576
Epoch 35/100 Step 350/484 | global_step=16805 | tokens_seen=68837376
Epoch 35/100 Step 400/484 | global_step=16855 | tokens_seen=69042176
Epoch 35/100 Step 450/484 | global_step=16905 | tokens_seen=69246976
Epoch 35/100 Step 484/484 | global_step=16939 | tokens_seen=69386240
Epoch: 35, Loss: 0.2119220272938082
Epoch 36/100 - starting (484 batches)
Epoch 36/100 Step 1/484 | global_step=16940 | tokens_seen=69390336
Epoch 36/100 Step 50/484 | global_step=16989 | tokens_seen=69591040
[Milestone] Epoch 36/100 Step 61/484 | tokens_seen=69636096
Epoch 36/100 Step 100/484 | global_step=17039 | tokens_seen=69795840
Epoch 36/100 Step 150/484 | global_step=17089 | tokens_seen=70000640
Epoch 36/100 Step 200/484 | global_step=17139 | tokens_seen=70205440
Epoch 36/100 Step 250/484 | global_step=17189 | tokens_seen=70410240
Epoch 36/100 Step 300/484 | global_step=17239 | tokens_seen=70615040
Epoch 36/100 Step 350/484 | global_step=17289 | tokens_seen=70819840
Epoch 36/100 Step 400/484 | global_step=17339 | tokens_seen=71024640
Epoch 36/100 Step 450/484 | global_step=17389 | tokens_seen=71229440
Epoch 36/100 Step 484/484 | global_step=17423 | tokens_seen=71368704
Epoch: 36, Loss: 0.21115407864909527
Epoch 37/100 - starting (484 batches)
Epoch 37/100 Step 1/484 | global_step=17424 | tokens_seen=71372800
Epoch 37/100 Step 50/484 | global_step=17473 | tokens_seen=71573504
Epoch 37/100 Step 100/484 | global_step=17523 | tokens_seen=71778304
Epoch 37/100 Step 150/484 | global_step=17573 | tokens_seen=71983104
Epoch 37/100 Step 200/484 | global_step=17623 | tokens_seen=72187904
Epoch 37/100 Step 250/484 | global_step=17673 | tokens_seen=72392704
Epoch 37/100 Step 300/484 | global_step=17723 | tokens_seen=72597504
Epoch 37/100 Step 350/484 | global_step=17773 | tokens_seen=72802304
Epoch 37/100 Step 400/484 | global_step=17823 | tokens_seen=73007104
Epoch 37/100 Step 450/484 | global_step=17873 | tokens_seen=73211904
Epoch 37/100 Step 484/484 | global_step=17907 | tokens_seen=73351168
Epoch: 37, Loss: 0.20992462441694637
Epoch 38/100 - starting (484 batches)
Epoch 38/100 Step 1/484 | global_step=17908 | tokens_seen=73355264
Epoch 38/100 Step 50/484 | global_step=17957 | tokens_seen=73555968
[Milestone] Epoch 38/100 Step 93/484 | tokens_seen=73732096
Epoch 38/100 Step 100/484 | global_step=18007 | tokens_seen=73760768
Epoch 38/100 Step 150/484 | global_step=18057 | tokens_seen=73965568
Epoch 38/100 Step 200/484 | global_step=18107 | tokens_seen=74170368
Epoch 38/100 Step 250/484 | global_step=18157 | tokens_seen=74375168
Epoch 38/100 Step 300/484 | global_step=18207 | tokens_seen=74579968
Epoch 38/100 Step 350/484 | global_step=18257 | tokens_seen=74784768
Epoch 38/100 Step 400/484 | global_step=18307 | tokens_seen=74989568
Epoch 38/100 Step 450/484 | global_step=18357 | tokens_seen=75194368
Epoch 38/100 Step 484/484 | global_step=18391 | tokens_seen=75333632
Epoch: 38, Loss: 0.2096890821314055
Epoch 39/100 - starting (484 batches)
Epoch 39/100 Step 1/484 | global_step=18392 | tokens_seen=75337728
Epoch 39/100 Step 50/484 | global_step=18441 | tokens_seen=75538432
Epoch 39/100 Step 100/484 | global_step=18491 | tokens_seen=75743232
Epoch 39/100 Step 150/484 | global_step=18541 | tokens_seen=75948032
Epoch 39/100 Step 200/484 | global_step=18591 | tokens_seen=76152832
Epoch 39/100 Step 250/484 | global_step=18641 | tokens_seen=76357632
Epoch 39/100 Step 300/484 | global_step=18691 | tokens_seen=76562432
Epoch 39/100 Step 350/484 | global_step=18741 | tokens_seen=76767232
Epoch 39/100 Step 400/484 | global_step=18791 | tokens_seen=76972032
Epoch 39/100 Step 450/484 | global_step=18841 | tokens_seen=77176832
Epoch 39/100 Step 484/484 | global_step=18875 | tokens_seen=77316096
Epoch: 39, Loss: 0.20883882202762216
Epoch 40/100 - starting (484 batches)
Epoch 40/100 Step 1/484 | global_step=18876 | tokens_seen=77320192
Epoch 40/100 Step 50/484 | global_step=18925 | tokens_seen=77520896
Epoch 40/100 Step 100/484 | global_step=18975 | tokens_seen=77725696
[Milestone] Epoch 40/100 Step 125/484 | tokens_seen=77828096
Epoch 40/100 Step 150/484 | global_step=19025 | tokens_seen=77930496
Epoch 40/100 Step 200/484 | global_step=19075 | tokens_seen=78135296
Epoch 40/100 Step 250/484 | global_step=19125 | tokens_seen=78340096
Epoch 40/100 Step 300/484 | global_step=19175 | tokens_seen=78544896
Epoch 40/100 Step 350/484 | global_step=19225 | tokens_seen=78749696
Epoch 40/100 Step 400/484 | global_step=19275 | tokens_seen=78954496
Epoch 40/100 Step 450/484 | global_step=19325 | tokens_seen=79159296
Epoch 40/100 Step 484/484 | global_step=19359 | tokens_seen=79298560
Epoch: 40, Loss: 0.20805981890721756
Epoch 41/100 - starting (484 batches)
Epoch 41/100 Step 1/484 | global_step=19360 | tokens_seen=79302656
Epoch 41/100 Step 50/484 | global_step=19409 | tokens_seen=79503360
Epoch 41/100 Step 100/484 | global_step=19459 | tokens_seen=79708160
Epoch 41/100 Step 150/484 | global_step=19509 | tokens_seen=79912960
Epoch 41/100 Step 200/484 | global_step=19559 | tokens_seen=80117760
Epoch 41/100 Step 250/484 | global_step=19609 | tokens_seen=80322560
Epoch 41/100 Step 300/484 | global_step=19659 | tokens_seen=80527360
Epoch 41/100 Step 350/484 | global_step=19709 | tokens_seen=80732160
Epoch 41/100 Step 400/484 | global_step=19759 | tokens_seen=80936960
Epoch 41/100 Step 450/484 | global_step=19809 | tokens_seen=81141760
Epoch 41/100 Step 484/484 | global_step=19843 | tokens_seen=81281024
Epoch: 41, Loss: 0.20805204351825163
Epoch 42/100 - starting (484 batches)
Epoch 42/100 Step 1/484 | global_step=19844 | tokens_seen=81285120
Epoch 42/100 Step 50/484 | global_step=19893 | tokens_seen=81485824
Epoch 42/100 Step 100/484 | global_step=19943 | tokens_seen=81690624
Epoch 42/100 Step 150/484 | global_step=19993 | tokens_seen=81895424
[Milestone] Epoch 42/100 Step 157/484 | tokens_seen=81924096
Epoch 42/100 Step 200/484 | global_step=20043 | tokens_seen=82100224
Epoch 42/100 Step 250/484 | global_step=20093 | tokens_seen=82305024
Epoch 42/100 Step 300/484 | global_step=20143 | tokens_seen=82509824
Epoch 42/100 Step 350/484 | global_step=20193 | tokens_seen=82714624
Epoch 42/100 Step 400/484 | global_step=20243 | tokens_seen=82919424
Epoch 42/100 Step 450/484 | global_step=20293 | tokens_seen=83124224
Epoch 42/100 Step 484/484 | global_step=20327 | tokens_seen=83263488
Epoch: 42, Loss: 0.2063555593702419
Epoch 43/100 - starting (484 batches)
Epoch 43/100 Step 1/484 | global_step=20328 | tokens_seen=83267584
Epoch 43/100 Step 50/484 | global_step=20377 | tokens_seen=83468288
Epoch 43/100 Step 100/484 | global_step=20427 | tokens_seen=83673088
Epoch 43/100 Step 150/484 | global_step=20477 | tokens_seen=83877888
Epoch 43/100 Step 200/484 | global_step=20527 | tokens_seen=84082688
Epoch 43/100 Step 250/484 | global_step=20577 | tokens_seen=84287488
Epoch 43/100 Step 300/484 | global_step=20627 | tokens_seen=84492288
Epoch 43/100 Step 350/484 | global_step=20677 | tokens_seen=84697088
Epoch 43/100 Step 400/484 | global_step=20727 | tokens_seen=84901888
Epoch 43/100 Step 450/484 | global_step=20777 | tokens_seen=85106688
Epoch 43/100 Step 484/484 | global_step=20811 | tokens_seen=85245952
Epoch: 43, Loss: 0.20665848769309106
Epoch 44/100 - starting (484 batches)
Epoch 44/100 Step 1/484 | global_step=20812 | tokens_seen=85250048
Epoch 44/100 Step 50/484 | global_step=20861 | tokens_seen=85450752
Epoch 44/100 Step 100/484 | global_step=20911 | tokens_seen=85655552
Epoch 44/100 Step 150/484 | global_step=20961 | tokens_seen=85860352
[Milestone] Epoch 44/100 Step 189/484 | tokens_seen=86020096
Epoch 44/100 Step 200/484 | global_step=21011 | tokens_seen=86065152
Epoch 44/100 Step 250/484 | global_step=21061 | tokens_seen=86269952
Epoch 44/100 Step 300/484 | global_step=21111 | tokens_seen=86474752
Epoch 44/100 Step 350/484 | global_step=21161 | tokens_seen=86679552
Epoch 44/100 Step 400/484 | global_step=21211 | tokens_seen=86884352
Epoch 44/100 Step 450/484 | global_step=21261 | tokens_seen=87089152
Epoch 44/100 Step 484/484 | global_step=21295 | tokens_seen=87228416
Epoch: 44, Loss: 0.20660312923271795
Epoch 45/100 - starting (484 batches)
Epoch 45/100 Step 1/484 | global_step=21296 | tokens_seen=87232512
Epoch 45/100 Step 50/484 | global_step=21345 | tokens_seen=87433216
Epoch 45/100 Step 100/484 | global_step=21395 | tokens_seen=87638016
Epoch 45/100 Step 150/484 | global_step=21445 | tokens_seen=87842816
Epoch 45/100 Step 200/484 | global_step=21495 | tokens_seen=88047616
Epoch 45/100 Step 250/484 | global_step=21545 | tokens_seen=88252416
Epoch 45/100 Step 300/484 | global_step=21595 | tokens_seen=88457216
Epoch 45/100 Step 350/484 | global_step=21645 | tokens_seen=88662016
Epoch 45/100 Step 400/484 | global_step=21695 | tokens_seen=88866816
Epoch 45/100 Step 450/484 | global_step=21745 | tokens_seen=89071616
Epoch 45/100 Step 484/484 | global_step=21779 | tokens_seen=89210880
Epoch: 45, Loss: 0.20589793932216227
Epoch 46/100 - starting (484 batches)
Epoch 46/100 Step 1/484 | global_step=21780 | tokens_seen=89214976
Epoch 46/100 Step 50/484 | global_step=21829 | tokens_seen=89415680
Epoch 46/100 Step 100/484 | global_step=21879 | tokens_seen=89620480
Epoch 46/100 Step 150/484 | global_step=21929 | tokens_seen=89825280
Epoch 46/100 Step 200/484 | global_step=21979 | tokens_seen=90030080
[Milestone] Epoch 46/100 Step 221/484 | tokens_seen=90116096
Epoch 46/100 Step 250/484 | global_step=22029 | tokens_seen=90234880
Epoch 46/100 Step 300/484 | global_step=22079 | tokens_seen=90439680
Epoch 46/100 Step 350/484 | global_step=22129 | tokens_seen=90644480
Epoch 46/100 Step 400/484 | global_step=22179 | tokens_seen=90849280
Epoch 46/100 Step 450/484 | global_step=22229 | tokens_seen=91054080
Epoch 46/100 Step 484/484 | global_step=22263 | tokens_seen=91193344
Epoch: 46, Loss: 0.20489115856033713
Epoch 47/100 - starting (484 batches)
Epoch 47/100 Step 1/484 | global_step=22264 | tokens_seen=91197440
Epoch 47/100 Step 50/484 | global_step=22313 | tokens_seen=91398144
Epoch 47/100 Step 100/484 | global_step=22363 | tokens_seen=91602944
Epoch 47/100 Step 150/484 | global_step=22413 | tokens_seen=91807744
Epoch 47/100 Step 200/484 | global_step=22463 | tokens_seen=92012544
Epoch 47/100 Step 250/484 | global_step=22513 | tokens_seen=92217344
Epoch 47/100 Step 300/484 | global_step=22563 | tokens_seen=92422144
Epoch 47/100 Step 350/484 | global_step=22613 | tokens_seen=92626944
Epoch 47/100 Step 400/484 | global_step=22663 | tokens_seen=92831744
Epoch 47/100 Step 450/484 | global_step=22713 | tokens_seen=93036544
Epoch 47/100 Step 484/484 | global_step=22747 | tokens_seen=93175808
Epoch: 47, Loss: 0.20434665781530467
Epoch 48/100 - starting (484 batches)
Epoch 48/100 Step 1/484 | global_step=22748 | tokens_seen=93179904
Epoch 48/100 Step 50/484 | global_step=22797 | tokens_seen=93380608
Epoch 48/100 Step 100/484 | global_step=22847 | tokens_seen=93585408
Epoch 48/100 Step 150/484 | global_step=22897 | tokens_seen=93790208
Epoch 48/100 Step 200/484 | global_step=22947 | tokens_seen=93995008
Epoch 48/100 Step 250/484 | global_step=22997 | tokens_seen=94199808
[Milestone] Epoch 48/100 Step 253/484 | tokens_seen=94212096
Epoch 48/100 Step 300/484 | global_step=23047 | tokens_seen=94404608
Epoch 48/100 Step 350/484 | global_step=23097 | tokens_seen=94609408
Epoch 48/100 Step 400/484 | global_step=23147 | tokens_seen=94814208
Epoch 48/100 Step 450/484 | global_step=23197 | tokens_seen=95019008
Epoch 48/100 Step 484/484 | global_step=23231 | tokens_seen=95158272
Epoch: 48, Loss: 0.2038678678968721
Epoch 49/100 - starting (484 batches)
Epoch 49/100 Step 1/484 | global_step=23232 | tokens_seen=95162368
Epoch 49/100 Step 50/484 | global_step=23281 | tokens_seen=95363072
Epoch 49/100 Step 100/484 | global_step=23331 | tokens_seen=95567872
Epoch 49/100 Step 150/484 | global_step=23381 | tokens_seen=95772672
Epoch 49/100 Step 200/484 | global_step=23431 | tokens_seen=95977472
Epoch 49/100 Step 250/484 | global_step=23481 | tokens_seen=96182272
Epoch 49/100 Step 300/484 | global_step=23531 | tokens_seen=96387072
Epoch 49/100 Step 350/484 | global_step=23581 | tokens_seen=96591872
Epoch 49/100 Step 400/484 | global_step=23631 | tokens_seen=96796672
Epoch 49/100 Step 450/484 | global_step=23681 | tokens_seen=97001472
Epoch 49/100 Step 484/484 | global_step=23715 | tokens_seen=97140736
Epoch: 49, Loss: 0.2043501929618603
Epoch 50/100 - starting (484 batches)
Epoch 50/100 Step 1/484 | global_step=23716 | tokens_seen=97144832
Epoch 50/100 Step 50/484 | global_step=23765 | tokens_seen=97345536
Epoch 50/100 Step 100/484 | global_step=23815 | tokens_seen=97550336
Epoch 50/100 Step 150/484 | global_step=23865 | tokens_seen=97755136
Epoch 50/100 Step 200/484 | global_step=23915 | tokens_seen=97959936
Epoch 50/100 Step 250/484 | global_step=23965 | tokens_seen=98164736
[Milestone] Epoch 50/100 Step 285/484 | tokens_seen=98308096
Epoch 50/100 Step 300/484 | global_step=24015 | tokens_seen=98369536
Epoch 50/100 Step 350/484 | global_step=24065 | tokens_seen=98574336
Epoch 50/100 Step 400/484 | global_step=24115 | tokens_seen=98779136
Epoch 50/100 Step 450/484 | global_step=24165 | tokens_seen=98983936
Epoch 50/100 Step 484/484 | global_step=24199 | tokens_seen=99123200
Epoch: 50, Loss: 0.20304937509835258
Epoch 51/100 - starting (484 batches)
Epoch 51/100 Step 1/484 | global_step=24200 | tokens_seen=99127296
Epoch 51/100 Step 50/484 | global_step=24249 | tokens_seen=99328000
Epoch 51/100 Step 100/484 | global_step=24299 | tokens_seen=99532800
Epoch 51/100 Step 150/484 | global_step=24349 | tokens_seen=99737600
Epoch 51/100 Step 200/484 | global_step=24399 | tokens_seen=99942400
Epoch 51/100 Step 250/484 | global_step=24449 | tokens_seen=100147200
Epoch 51/100 Step 300/484 | global_step=24499 | tokens_seen=100352000
Epoch 51/100 Step 350/484 | global_step=24549 | tokens_seen=100556800
Epoch 51/100 Step 400/484 | global_step=24599 | tokens_seen=100761600
Epoch 51/100 Step 450/484 | global_step=24649 | tokens_seen=100966400
Epoch 51/100 Step 484/484 | global_step=24683 | tokens_seen=101105664
Epoch: 51, Loss: 0.20306492107343083
Epoch 52/100 - starting (484 batches)
Epoch 52/100 Step 1/484 | global_step=24684 | tokens_seen=101109760
Epoch 52/100 Step 50/484 | global_step=24733 | tokens_seen=101310464
Epoch 52/100 Step 100/484 | global_step=24783 | tokens_seen=101515264
Epoch 52/100 Step 150/484 | global_step=24833 | tokens_seen=101720064
Epoch 52/100 Step 200/484 | global_step=24883 | tokens_seen=101924864
Epoch 52/100 Step 250/484 | global_step=24933 | tokens_seen=102129664
Epoch 52/100 Step 300/484 | global_step=24983 | tokens_seen=102334464
[Milestone] Epoch 52/100 Step 317/484 | tokens_seen=102404096
Epoch 52/100 Step 350/484 | global_step=25033 | tokens_seen=102539264
Epoch 52/100 Step 400/484 | global_step=25083 | tokens_seen=102744064
Epoch 52/100 Step 450/484 | global_step=25133 | tokens_seen=102948864
Epoch 52/100 Step 484/484 | global_step=25167 | tokens_seen=103088128
Epoch: 52, Loss: 0.20252925742509936
Epoch 53/100 - starting (484 batches)
Epoch 53/100 Step 1/484 | global_step=25168 | tokens_seen=103092224
Epoch 53/100 Step 50/484 | global_step=25217 | tokens_seen=103292928
Epoch 53/100 Step 100/484 | global_step=25267 | tokens_seen=103497728
Epoch 53/100 Step 150/484 | global_step=25317 | tokens_seen=103702528
Epoch 53/100 Step 200/484 | global_step=25367 | tokens_seen=103907328
Epoch 53/100 Step 250/484 | global_step=25417 | tokens_seen=104112128
Epoch 53/100 Step 300/484 | global_step=25467 | tokens_seen=104316928
Epoch 53/100 Step 350/484 | global_step=25517 | tokens_seen=104521728
Epoch 53/100 Step 400/484 | global_step=25567 | tokens_seen=104726528
Epoch 53/100 Step 450/484 | global_step=25617 | tokens_seen=104931328
Epoch 53/100 Step 484/484 | global_step=25651 | tokens_seen=105070592
Epoch: 53, Loss: 0.2018802130887331
Epoch 54/100 - starting (484 batches)
Epoch 54/100 Step 1/484 | global_step=25652 | tokens_seen=105074688
Epoch 54/100 Step 50/484 | global_step=25701 | tokens_seen=105275392
Epoch 54/100 Step 100/484 | global_step=25751 | tokens_seen=105480192
Epoch 54/100 Step 150/484 | global_step=25801 | tokens_seen=105684992
Epoch 54/100 Step 200/484 | global_step=25851 | tokens_seen=105889792
Epoch 54/100 Step 250/484 | global_step=25901 | tokens_seen=106094592
Epoch 54/100 Step 300/484 | global_step=25951 | tokens_seen=106299392
[Milestone] Epoch 54/100 Step 349/484 | tokens_seen=106500096
Epoch 54/100 Step 350/484 | global_step=26001 | tokens_seen=106504192
Epoch 54/100 Step 400/484 | global_step=26051 | tokens_seen=106708992
Epoch 54/100 Step 450/484 | global_step=26101 | tokens_seen=106913792
Epoch 54/100 Step 484/484 | global_step=26135 | tokens_seen=107053056
Epoch: 54, Loss: 0.20182190767743372
Epoch 55/100 - starting (484 batches)
Epoch 55/100 Step 1/484 | global_step=26136 | tokens_seen=107057152
Epoch 55/100 Step 50/484 | global_step=26185 | tokens_seen=107257856
Epoch 55/100 Step 100/484 | global_step=26235 | tokens_seen=107462656
Epoch 55/100 Step 150/484 | global_step=26285 | tokens_seen=107667456
Epoch 55/100 Step 200/484 | global_step=26335 | tokens_seen=107872256
Epoch 55/100 Step 250/484 | global_step=26385 | tokens_seen=108077056
Epoch 55/100 Step 300/484 | global_step=26435 | tokens_seen=108281856
Epoch 55/100 Step 350/484 | global_step=26485 | tokens_seen=108486656
Epoch 55/100 Step 400/484 | global_step=26535 | tokens_seen=108691456
Epoch 55/100 Step 450/484 | global_step=26585 | tokens_seen=108896256
Epoch 55/100 Step 484/484 | global_step=26619 | tokens_seen=109035520
Epoch: 55, Loss: 0.20137369035442998
Epoch 56/100 - starting (484 batches)
Epoch 56/100 Step 1/484 | global_step=26620 | tokens_seen=109039616
Epoch 56/100 Step 50/484 | global_step=26669 | tokens_seen=109240320
Epoch 56/100 Step 100/484 | global_step=26719 | tokens_seen=109445120
Epoch 56/100 Step 150/484 | global_step=26769 | tokens_seen=109649920
Epoch 56/100 Step 200/484 | global_step=26819 | tokens_seen=109854720
Epoch 56/100 Step 250/484 | global_step=26869 | tokens_seen=110059520
Epoch 56/100 Step 300/484 | global_step=26919 | tokens_seen=110264320
Epoch 56/100 Step 350/484 | global_step=26969 | tokens_seen=110469120
[Milestone] Epoch 56/100 Step 381/484 | tokens_seen=110596096
Epoch 56/100 Step 400/484 | global_step=27019 | tokens_seen=110673920
Epoch 56/100 Step 450/484 | global_step=27069 | tokens_seen=110878720
Epoch 56/100 Step 484/484 | global_step=27103 | tokens_seen=111017984
Epoch: 56, Loss: 0.2011124243544153
Epoch 57/100 - starting (484 batches)
Epoch 57/100 Step 1/484 | global_step=27104 | tokens_seen=111022080
Epoch 57/100 Step 50/484 | global_step=27153 | tokens_seen=111222784
Epoch 57/100 Step 100/484 | global_step=27203 | tokens_seen=111427584
Epoch 57/100 Step 150/484 | global_step=27253 | tokens_seen=111632384
Epoch 57/100 Step 200/484 | global_step=27303 | tokens_seen=111837184
Epoch 57/100 Step 250/484 | global_step=27353 | tokens_seen=112041984
Epoch 57/100 Step 300/484 | global_step=27403 | tokens_seen=112246784
Epoch 57/100 Step 350/484 | global_step=27453 | tokens_seen=112451584
Epoch 57/100 Step 400/484 | global_step=27503 | tokens_seen=112656384
Epoch 57/100 Step 450/484 | global_step=27553 | tokens_seen=112861184
Epoch 57/100 Step 484/484 | global_step=27587 | tokens_seen=113000448
Epoch: 57, Loss: 0.200724965838854
Epoch 58/100 - starting (484 batches)
Epoch 58/100 Step 1/484 | global_step=27588 | tokens_seen=113004544
Epoch 58/100 Step 50/484 | global_step=27637 | tokens_seen=113205248
Epoch 58/100 Step 100/484 | global_step=27687 | tokens_seen=113410048
Epoch 58/100 Step 150/484 | global_step=27737 | tokens_seen=113614848
Epoch 58/100 Step 200/484 | global_step=27787 | tokens_seen=113819648
Epoch 58/100 Step 250/484 | global_step=27837 | tokens_seen=114024448
Epoch 58/100 Step 300/484 | global_step=27887 | tokens_seen=114229248
Epoch 58/100 Step 350/484 | global_step=27937 | tokens_seen=114434048
Epoch 58/100 Step 400/484 | global_step=27987 | tokens_seen=114638848
[Milestone] Epoch 58/100 Step 413/484 | tokens_seen=114692096
Epoch 58/100 Step 450/484 | global_step=28037 | tokens_seen=114843648
Epoch 58/100 Step 484/484 | global_step=28071 | tokens_seen=114982912
Epoch: 58, Loss: 0.20015899215109093
Epoch 59/100 - starting (484 batches)
Epoch 59/100 Step 1/484 | global_step=28072 | tokens_seen=114987008
Epoch 59/100 Step 50/484 | global_step=28121 | tokens_seen=115187712
Epoch 59/100 Step 100/484 | global_step=28171 | tokens_seen=115392512
Epoch 59/100 Step 150/484 | global_step=28221 | tokens_seen=115597312
Epoch 59/100 Step 200/484 | global_step=28271 | tokens_seen=115802112
Epoch 59/100 Step 250/484 | global_step=28321 | tokens_seen=116006912
Epoch 59/100 Step 300/484 | global_step=28371 | tokens_seen=116211712
Epoch 59/100 Step 350/484 | global_step=28421 | tokens_seen=116416512
Epoch 59/100 Step 400/484 | global_step=28471 | tokens_seen=116621312
Epoch 59/100 Step 450/484 | global_step=28521 | tokens_seen=116826112
Epoch 59/100 Step 484/484 | global_step=28555 | tokens_seen=116965376
Epoch: 59, Loss: 0.2003277585156693
Epoch 60/100 - starting (484 batches)
Epoch 60/100 Step 1/484 | global_step=28556 | tokens_seen=116969472
Epoch 60/100 Step 50/484 | global_step=28605 | tokens_seen=117170176
Epoch 60/100 Step 100/484 | global_step=28655 | tokens_seen=117374976
Epoch 60/100 Step 150/484 | global_step=28705 | tokens_seen=117579776
Epoch 60/100 Step 200/484 | global_step=28755 | tokens_seen=117784576
Epoch 60/100 Step 250/484 | global_step=28805 | tokens_seen=117989376
Epoch 60/100 Step 300/484 | global_step=28855 | tokens_seen=118194176
Epoch 60/100 Step 350/484 | global_step=28905 | tokens_seen=118398976
Epoch 60/100 Step 400/484 | global_step=28955 | tokens_seen=118603776
[Milestone] Epoch 60/100 Step 445/484 | tokens_seen=118788096
Epoch 60/100 Step 450/484 | global_step=29005 | tokens_seen=118808576
Epoch 60/100 Step 484/484 | global_step=29039 | tokens_seen=118947840
Epoch: 60, Loss: 0.2001043918026873
Epoch 61/100 - starting (484 batches)
Epoch 61/100 Step 1/484 | global_step=29040 | tokens_seen=118951936
Epoch 61/100 Step 50/484 | global_step=29089 | tokens_seen=119152640
Epoch 61/100 Step 100/484 | global_step=29139 | tokens_seen=119357440
Epoch 61/100 Step 150/484 | global_step=29189 | tokens_seen=119562240
Epoch 61/100 Step 200/484 | global_step=29239 | tokens_seen=119767040
Epoch 61/100 Step 250/484 | global_step=29289 | tokens_seen=119971840
Epoch 61/100 Step 300/484 | global_step=29339 | tokens_seen=120176640
Epoch 61/100 Step 350/484 | global_step=29389 | tokens_seen=120381440
Epoch 61/100 Step 400/484 | global_step=29439 | tokens_seen=120586240
Epoch 61/100 Step 450/484 | global_step=29489 | tokens_seen=120791040
Epoch 61/100 Step 484/484 | global_step=29523 | tokens_seen=120930304
Epoch: 61, Loss: 0.19907244510394484
Epoch 62/100 - starting (484 batches)
Epoch 62/100 Step 1/484 | global_step=29524 | tokens_seen=120934400
Epoch 62/100 Step 50/484 | global_step=29573 | tokens_seen=121135104
Epoch 62/100 Step 100/484 | global_step=29623 | tokens_seen=121339904
Epoch 62/100 Step 150/484 | global_step=29673 | tokens_seen=121544704
Epoch 62/100 Step 200/484 | global_step=29723 | tokens_seen=121749504
Epoch 62/100 Step 250/484 | global_step=29773 | tokens_seen=121954304
Epoch 62/100 Step 300/484 | global_step=29823 | tokens_seen=122159104
Epoch 62/100 Step 350/484 | global_step=29873 | tokens_seen=122363904
Epoch 62/100 Step 400/484 | global_step=29923 | tokens_seen=122568704
Epoch 62/100 Step 450/484 | global_step=29973 | tokens_seen=122773504
[Milestone] Epoch 62/100 Step 477/484 | tokens_seen=122884096
Epoch 62/100 Step 484/484 | global_step=30007 | tokens_seen=122912768
Epoch: 62, Loss: 0.1990510480216712
Epoch 63/100 - starting (484 batches)
Epoch 63/100 Step 1/484 | global_step=30008 | tokens_seen=122916864
Epoch 63/100 Step 50/484 | global_step=30057 | tokens_seen=123117568
Epoch 63/100 Step 100/484 | global_step=30107 | tokens_seen=123322368
Epoch 63/100 Step 150/484 | global_step=30157 | tokens_seen=123527168
Epoch 63/100 Step 200/484 | global_step=30207 | tokens_seen=123731968
Epoch 63/100 Step 250/484 | global_step=30257 | tokens_seen=123936768
Epoch 63/100 Step 300/484 | global_step=30307 | tokens_seen=124141568
Epoch 63/100 Step 350/484 | global_step=30357 | tokens_seen=124346368
Epoch 63/100 Step 400/484 | global_step=30407 | tokens_seen=124551168
Epoch 63/100 Step 450/484 | global_step=30457 | tokens_seen=124755968
Epoch 63/100 Step 484/484 | global_step=30491 | tokens_seen=124895232
Epoch: 63, Loss: 0.19960266653417555
Epoch 64/100 - starting (484 batches)
Epoch 64/100 Step 1/484 | global_step=30492 | tokens_seen=124899328
Epoch 64/100 Step 50/484 | global_step=30541 | tokens_seen=125100032
Epoch 64/100 Step 100/484 | global_step=30591 | tokens_seen=125304832
Epoch 64/100 Step 150/484 | global_step=30641 | tokens_seen=125509632
Epoch 64/100 Step 200/484 | global_step=30691 | tokens_seen=125714432
Epoch 64/100 Step 250/484 | global_step=30741 | tokens_seen=125919232
Epoch 64/100 Step 300/484 | global_step=30791 | tokens_seen=126124032
Epoch 64/100 Step 350/484 | global_step=30841 | tokens_seen=126328832
Epoch 64/100 Step 400/484 | global_step=30891 | tokens_seen=126533632
Epoch 64/100 Step 450/484 | global_step=30941 | tokens_seen=126738432
Epoch 64/100 Step 484/484 | global_step=30975 | tokens_seen=126877696
Epoch: 64, Loss: 0.19782060258521522
Epoch 65/100 - starting (484 batches)
Epoch 65/100 Step 1/484 | global_step=30976 | tokens_seen=126881792
[Milestone] Epoch 65/100 Step 25/484 | tokens_seen=126980096
Epoch 65/100 Step 50/484 | global_step=31025 | tokens_seen=127082496
Epoch 65/100 Step 100/484 | global_step=31075 | tokens_seen=127287296
Epoch 65/100 Step 150/484 | global_step=31125 | tokens_seen=127492096
Epoch 65/100 Step 200/484 | global_step=31175 | tokens_seen=127696896
Epoch 65/100 Step 250/484 | global_step=31225 | tokens_seen=127901696
Epoch 65/100 Step 300/484 | global_step=31275 | tokens_seen=128106496
Epoch 65/100 Step 350/484 | global_step=31325 | tokens_seen=128311296
Epoch 65/100 Step 400/484 | global_step=31375 | tokens_seen=128516096
Epoch 65/100 Step 450/484 | global_step=31425 | tokens_seen=128720896
Epoch 65/100 Step 484/484 | global_step=31459 | tokens_seen=128860160
Epoch: 65, Loss: 0.19870281447310092
Epoch 66/100 - starting (484 batches)
Epoch 66/100 Step 1/484 | global_step=31460 | tokens_seen=128864256
Epoch 66/100 Step 50/484 | global_step=31509 | tokens_seen=129064960
Epoch 66/100 Step 100/484 | global_step=31559 | tokens_seen=129269760
Epoch 66/100 Step 150/484 | global_step=31609 | tokens_seen=129474560
Epoch 66/100 Step 200/484 | global_step=31659 | tokens_seen=129679360
Epoch 66/100 Step 250/484 | global_step=31709 | tokens_seen=129884160
Epoch 66/100 Step 300/484 | global_step=31759 | tokens_seen=130088960
Epoch 66/100 Step 350/484 | global_step=31809 | tokens_seen=130293760
Epoch 66/100 Step 400/484 | global_step=31859 | tokens_seen=130498560
Epoch 66/100 Step 450/484 | global_step=31909 | tokens_seen=130703360
Epoch 66/100 Step 484/484 | global_step=31943 | tokens_seen=130842624
Epoch: 66, Loss: 0.19779447943341633
Epoch 67/100 - starting (484 batches)
Epoch 67/100 Step 1/484 | global_step=31944 | tokens_seen=130846720
Epoch 67/100 Step 50/484 | global_step=31993 | tokens_seen=131047424
[Milestone] Epoch 67/100 Step 57/484 | tokens_seen=131076096
Epoch 67/100 Step 100/484 | global_step=32043 | tokens_seen=131252224
Epoch 67/100 Step 150/484 | global_step=32093 | tokens_seen=131457024
Epoch 67/100 Step 200/484 | global_step=32143 | tokens_seen=131661824
Epoch 67/100 Step 250/484 | global_step=32193 | tokens_seen=131866624
Epoch 67/100 Step 300/484 | global_step=32243 | tokens_seen=132071424
Epoch 67/100 Step 350/484 | global_step=32293 | tokens_seen=132276224
Epoch 67/100 Step 400/484 | global_step=32343 | tokens_seen=132481024
Epoch 67/100 Step 450/484 | global_step=32393 | tokens_seen=132685824
Epoch 67/100 Step 484/484 | global_step=32427 | tokens_seen=132825088
Epoch: 67, Loss: 0.19818010990900442
Epoch 68/100 - starting (484 batches)
Epoch 68/100 Step 1/484 | global_step=32428 | tokens_seen=132829184
Epoch 68/100 Step 50/484 | global_step=32477 | tokens_seen=133029888
Epoch 68/100 Step 100/484 | global_step=32527 | tokens_seen=133234688
Epoch 68/100 Step 150/484 | global_step=32577 | tokens_seen=133439488
Epoch 68/100 Step 200/484 | global_step=32627 | tokens_seen=133644288
Epoch 68/100 Step 250/484 | global_step=32677 | tokens_seen=133849088
Epoch 68/100 Step 300/484 | global_step=32727 | tokens_seen=134053888
Epoch 68/100 Step 350/484 | global_step=32777 | tokens_seen=134258688
Epoch 68/100 Step 400/484 | global_step=32827 | tokens_seen=134463488
Epoch 68/100 Step 450/484 | global_step=32877 | tokens_seen=134668288
Epoch 68/100 Step 484/484 | global_step=32911 | tokens_seen=134807552
Epoch: 68, Loss: 0.1972034039083591
Epoch 69/100 - starting (484 batches)
Epoch 69/100 Step 1/484 | global_step=32912 | tokens_seen=134811648
Epoch 69/100 Step 50/484 | global_step=32961 | tokens_seen=135012352
[Milestone] Epoch 69/100 Step 89/484 | tokens_seen=135172096
Epoch 69/100 Step 100/484 | global_step=33011 | tokens_seen=135217152
Epoch 69/100 Step 150/484 | global_step=33061 | tokens_seen=135421952
Epoch 69/100 Step 200/484 | global_step=33111 | tokens_seen=135626752
Epoch 69/100 Step 250/484 | global_step=33161 | tokens_seen=135831552
Epoch 69/100 Step 300/484 | global_step=33211 | tokens_seen=136036352
Epoch 69/100 Step 350/484 | global_step=33261 | tokens_seen=136241152
Epoch 69/100 Step 400/484 | global_step=33311 | tokens_seen=136445952
Epoch 69/100 Step 450/484 | global_step=33361 | tokens_seen=136650752
Epoch 69/100 Step 484/484 | global_step=33395 | tokens_seen=136790016
Epoch: 69, Loss: 0.19719258585005753
Epoch 70/100 - starting (484 batches)
Epoch 70/100 Step 1/484 | global_step=33396 | tokens_seen=136794112
Epoch 70/100 Step 50/484 | global_step=33445 | tokens_seen=136994816
Epoch 70/100 Step 100/484 | global_step=33495 | tokens_seen=137199616
Epoch 70/100 Step 150/484 | global_step=33545 | tokens_seen=137404416
Epoch 70/100 Step 200/484 | global_step=33595 | tokens_seen=137609216
Epoch 70/100 Step 250/484 | global_step=33645 | tokens_seen=137814016
Epoch 70/100 Step 300/484 | global_step=33695 | tokens_seen=138018816
Epoch 70/100 Step 350/484 | global_step=33745 | tokens_seen=138223616
Epoch 70/100 Step 400/484 | global_step=33795 | tokens_seen=138428416
Epoch 70/100 Step 450/484 | global_step=33845 | tokens_seen=138633216
Epoch 70/100 Step 484/484 | global_step=33879 | tokens_seen=138772480
Epoch: 70, Loss: 0.1978312264358209
Epoch 71/100 - starting (484 batches)
Epoch 71/100 Step 1/484 | global_step=33880 | tokens_seen=138776576
Epoch 71/100 Step 50/484 | global_step=33929 | tokens_seen=138977280
Epoch 71/100 Step 100/484 | global_step=33979 | tokens_seen=139182080
[Milestone] Epoch 71/100 Step 121/484 | tokens_seen=139268096
Epoch 71/100 Step 150/484 | global_step=34029 | tokens_seen=139386880
Epoch 71/100 Step 200/484 | global_step=34079 | tokens_seen=139591680
Epoch 71/100 Step 250/484 | global_step=34129 | tokens_seen=139796480
Epoch 71/100 Step 300/484 | global_step=34179 | tokens_seen=140001280
Epoch 71/100 Step 350/484 | global_step=34229 | tokens_seen=140206080
Epoch 71/100 Step 400/484 | global_step=34279 | tokens_seen=140410880
Epoch 71/100 Step 450/484 | global_step=34329 | tokens_seen=140615680
Epoch 71/100 Step 484/484 | global_step=34363 | tokens_seen=140754944
Epoch: 71, Loss: 0.19688417115979942
Epoch 72/100 - starting (484 batches)
Epoch 72/100 Step 1/484 | global_step=34364 | tokens_seen=140759040
Epoch 72/100 Step 50/484 | global_step=34413 | tokens_seen=140959744
Epoch 72/100 Step 100/484 | global_step=34463 | tokens_seen=141164544
Epoch 72/100 Step 150/484 | global_step=34513 | tokens_seen=141369344
Epoch 72/100 Step 200/484 | global_step=34563 | tokens_seen=141574144
Epoch 72/100 Step 250/484 | global_step=34613 | tokens_seen=141778944
Epoch 72/100 Step 300/484 | global_step=34663 | tokens_seen=141983744
Epoch 72/100 Step 350/484 | global_step=34713 | tokens_seen=142188544
Epoch 72/100 Step 400/484 | global_step=34763 | tokens_seen=142393344
Epoch 72/100 Step 450/484 | global_step=34813 | tokens_seen=142598144
Epoch 72/100 Step 484/484 | global_step=34847 | tokens_seen=142737408
Epoch: 72, Loss: 0.19618233527280082
Epoch 73/100 - starting (484 batches)
Epoch 73/100 Step 1/484 | global_step=34848 | tokens_seen=142741504
Epoch 73/100 Step 50/484 | global_step=34897 | tokens_seen=142942208
Epoch 73/100 Step 100/484 | global_step=34947 | tokens_seen=143147008
Epoch 73/100 Step 150/484 | global_step=34997 | tokens_seen=143351808
[Milestone] Epoch 73/100 Step 153/484 | tokens_seen=143364096
Epoch 73/100 Step 200/484 | global_step=35047 | tokens_seen=143556608
Epoch 73/100 Step 250/484 | global_step=35097 | tokens_seen=143761408
Epoch 73/100 Step 300/484 | global_step=35147 | tokens_seen=143966208
Epoch 73/100 Step 350/484 | global_step=35197 | tokens_seen=144171008
Epoch 73/100 Step 400/484 | global_step=35247 | tokens_seen=144375808
Epoch 73/100 Step 450/484 | global_step=35297 | tokens_seen=144580608
Epoch 73/100 Step 484/484 | global_step=35331 | tokens_seen=144719872
Epoch: 73, Loss: 0.19668571130672763
Epoch 74/100 - starting (484 batches)
Epoch 74/100 Step 1/484 | global_step=35332 | tokens_seen=144723968
Epoch 74/100 Step 50/484 | global_step=35381 | tokens_seen=144924672
Epoch 74/100 Step 100/484 | global_step=35431 | tokens_seen=145129472
Epoch 74/100 Step 150/484 | global_step=35481 | tokens_seen=145334272
Epoch 74/100 Step 200/484 | global_step=35531 | tokens_seen=145539072
Epoch 74/100 Step 250/484 | global_step=35581 | tokens_seen=145743872
Epoch 74/100 Step 300/484 | global_step=35631 | tokens_seen=145948672
Epoch 74/100 Step 350/484 | global_step=35681 | tokens_seen=146153472
Epoch 74/100 Step 400/484 | global_step=35731 | tokens_seen=146358272
Epoch 74/100 Step 450/484 | global_step=35781 | tokens_seen=146563072
Epoch 74/100 Step 484/484 | global_step=35815 | tokens_seen=146702336
Epoch: 74, Loss: 0.19612340564447
Epoch 75/100 - starting (484 batches)
Epoch 75/100 Step 1/484 | global_step=35816 | tokens_seen=146706432
Epoch 75/100 Step 50/484 | global_step=35865 | tokens_seen=146907136
Epoch 75/100 Step 100/484 | global_step=35915 | tokens_seen=147111936
Epoch 75/100 Step 150/484 | global_step=35965 | tokens_seen=147316736
[Milestone] Epoch 75/100 Step 185/484 | tokens_seen=147460096
Epoch 75/100 Step 200/484 | global_step=36015 | tokens_seen=147521536
Epoch 75/100 Step 250/484 | global_step=36065 | tokens_seen=147726336
Epoch 75/100 Step 300/484 | global_step=36115 | tokens_seen=147931136
Epoch 75/100 Step 350/484 | global_step=36165 | tokens_seen=148135936
Epoch 75/100 Step 400/484 | global_step=36215 | tokens_seen=148340736
Epoch 75/100 Step 450/484 | global_step=36265 | tokens_seen=148545536
Epoch 75/100 Step 484/484 | global_step=36299 | tokens_seen=148684800
Epoch: 75, Loss: 0.19561734355308794
Epoch 76/100 - starting (484 batches)
Epoch 76/100 Step 1/484 | global_step=36300 | tokens_seen=148688896
Epoch 76/100 Step 50/484 | global_step=36349 | tokens_seen=148889600
Epoch 76/100 Step 100/484 | global_step=36399 | tokens_seen=149094400
Epoch 76/100 Step 150/484 | global_step=36449 | tokens_seen=149299200
Epoch 76/100 Step 200/484 | global_step=36499 | tokens_seen=149504000
Epoch 76/100 Step 250/484 | global_step=36549 | tokens_seen=149708800
Epoch 76/100 Step 300/484 | global_step=36599 | tokens_seen=149913600
Epoch 76/100 Step 350/484 | global_step=36649 | tokens_seen=150118400
Epoch 76/100 Step 400/484 | global_step=36699 | tokens_seen=150323200
Epoch 76/100 Step 450/484 | global_step=36749 | tokens_seen=150528000
Epoch 76/100 Step 484/484 | global_step=36783 | tokens_seen=150667264
Epoch: 76, Loss: 0.19661153785207056
Epoch 77/100 - starting (484 batches)
Epoch 77/100 Step 1/484 | global_step=36784 | tokens_seen=150671360
Epoch 77/100 Step 50/484 | global_step=36833 | tokens_seen=150872064
Epoch 77/100 Step 100/484 | global_step=36883 | tokens_seen=151076864
Epoch 77/100 Step 150/484 | global_step=36933 | tokens_seen=151281664
Epoch 77/100 Step 200/484 | global_step=36983 | tokens_seen=151486464
[Milestone] Epoch 77/100 Step 217/484 | tokens_seen=151556096
Epoch 77/100 Step 250/484 | global_step=37033 | tokens_seen=151691264
Epoch 77/100 Step 300/484 | global_step=37083 | tokens_seen=151896064
Epoch 77/100 Step 350/484 | global_step=37133 | tokens_seen=152100864
Epoch 77/100 Step 400/484 | global_step=37183 | tokens_seen=152305664
Epoch 77/100 Step 450/484 | global_step=37233 | tokens_seen=152510464
Epoch 77/100 Step 484/484 | global_step=37267 | tokens_seen=152649728
Epoch: 77, Loss: 0.19552083107188714
Epoch 78/100 - starting (484 batches)
Epoch 78/100 Step 1/484 | global_step=37268 | tokens_seen=152653824
Epoch 78/100 Step 50/484 | global_step=37317 | tokens_seen=152854528
Epoch 78/100 Step 100/484 | global_step=37367 | tokens_seen=153059328
Epoch 78/100 Step 150/484 | global_step=37417 | tokens_seen=153264128
Epoch 78/100 Step 200/484 | global_step=37467 | tokens_seen=153468928
Epoch 78/100 Step 250/484 | global_step=37517 | tokens_seen=153673728
Epoch 78/100 Step 300/484 | global_step=37567 | tokens_seen=153878528
Epoch 78/100 Step 350/484 | global_step=37617 | tokens_seen=154083328
Epoch 78/100 Step 400/484 | global_step=37667 | tokens_seen=154288128
Epoch 78/100 Step 450/484 | global_step=37717 | tokens_seen=154492928
Epoch 78/100 Step 484/484 | global_step=37751 | tokens_seen=154632192
Epoch: 78, Loss: 0.195878944213479
Epoch 79/100 - starting (484 batches)
Epoch 79/100 Step 1/484 | global_step=37752 | tokens_seen=154636288
Epoch 79/100 Step 50/484 | global_step=37801 | tokens_seen=154836992
Epoch 79/100 Step 100/484 | global_step=37851 | tokens_seen=155041792
Epoch 79/100 Step 150/484 | global_step=37901 | tokens_seen=155246592
Epoch 79/100 Step 200/484 | global_step=37951 | tokens_seen=155451392
[Milestone] Epoch 79/100 Step 249/484 | tokens_seen=155652096
Epoch 79/100 Step 250/484 | global_step=38001 | tokens_seen=155656192
Epoch 79/100 Step 300/484 | global_step=38051 | tokens_seen=155860992
Epoch 79/100 Step 350/484 | global_step=38101 | tokens_seen=156065792
Epoch 79/100 Step 400/484 | global_step=38151 | tokens_seen=156270592
Epoch 79/100 Step 450/484 | global_step=38201 | tokens_seen=156475392
Epoch 79/100 Step 484/484 | global_step=38235 | tokens_seen=156614656
Epoch: 79, Loss: 0.19525552387079917
Epoch 80/100 - starting (484 batches)
Epoch 80/100 Step 1/484 | global_step=38236 | tokens_seen=156618752
Epoch 80/100 Step 50/484 | global_step=38285 | tokens_seen=156819456
Epoch 80/100 Step 100/484 | global_step=38335 | tokens_seen=157024256
Epoch 80/100 Step 150/484 | global_step=38385 | tokens_seen=157229056
Epoch 80/100 Step 200/484 | global_step=38435 | tokens_seen=157433856
Epoch 80/100 Step 250/484 | global_step=38485 | tokens_seen=157638656
Epoch 80/100 Step 300/484 | global_step=38535 | tokens_seen=157843456
Epoch 80/100 Step 350/484 | global_step=38585 | tokens_seen=158048256
Epoch 80/100 Step 400/484 | global_step=38635 | tokens_seen=158253056
Epoch 80/100 Step 450/484 | global_step=38685 | tokens_seen=158457856
Epoch 80/100 Step 484/484 | global_step=38719 | tokens_seen=158597120
Epoch: 80, Loss: 0.1950445049249929
Epoch 81/100 - starting (484 batches)
Epoch 81/100 Step 1/484 | global_step=38720 | tokens_seen=158601216
Epoch 81/100 Step 50/484 | global_step=38769 | tokens_seen=158801920
Epoch 81/100 Step 100/484 | global_step=38819 | tokens_seen=159006720
Epoch 81/100 Step 150/484 | global_step=38869 | tokens_seen=159211520
Epoch 81/100 Step 200/484 | global_step=38919 | tokens_seen=159416320
Epoch 81/100 Step 250/484 | global_step=38969 | tokens_seen=159621120
[Milestone] Epoch 81/100 Step 281/484 | tokens_seen=159748096
Epoch 81/100 Step 300/484 | global_step=39019 | tokens_seen=159825920
Epoch 81/100 Step 350/484 | global_step=39069 | tokens_seen=160030720
Epoch 81/100 Step 400/484 | global_step=39119 | tokens_seen=160235520
Epoch 81/100 Step 450/484 | global_step=39169 | tokens_seen=160440320
Epoch 81/100 Step 484/484 | global_step=39203 | tokens_seen=160579584
Epoch: 81, Loss: 0.19436968182606146
Epoch 82/100 - starting (484 batches)
Epoch 82/100 Step 1/484 | global_step=39204 | tokens_seen=160583680
Epoch 82/100 Step 50/484 | global_step=39253 | tokens_seen=160784384
Epoch 82/100 Step 100/484 | global_step=39303 | tokens_seen=160989184
Epoch 82/100 Step 150/484 | global_step=39353 | tokens_seen=161193984
Epoch 82/100 Step 200/484 | global_step=39403 | tokens_seen=161398784
Epoch 82/100 Step 250/484 | global_step=39453 | tokens_seen=161603584
Epoch 82/100 Step 300/484 | global_step=39503 | tokens_seen=161808384
Epoch 82/100 Step 350/484 | global_step=39553 | tokens_seen=162013184
Epoch 82/100 Step 400/484 | global_step=39603 | tokens_seen=162217984
Epoch 82/100 Step 450/484 | global_step=39653 | tokens_seen=162422784
Epoch 82/100 Step 484/484 | global_step=39687 | tokens_seen=162562048
Epoch: 82, Loss: 0.19513595873905606
Epoch 83/100 - starting (484 batches)
Epoch 83/100 Step 1/484 | global_step=39688 | tokens_seen=162566144
Epoch 83/100 Step 50/484 | global_step=39737 | tokens_seen=162766848
Epoch 83/100 Step 100/484 | global_step=39787 | tokens_seen=162971648
Epoch 83/100 Step 150/484 | global_step=39837 | tokens_seen=163176448
Epoch 83/100 Step 200/484 | global_step=39887 | tokens_seen=163381248
Epoch 83/100 Step 250/484 | global_step=39937 | tokens_seen=163586048
Epoch 83/100 Step 300/484 | global_step=39987 | tokens_seen=163790848
[Milestone] Epoch 83/100 Step 313/484 | tokens_seen=163844096
Epoch 83/100 Step 350/484 | global_step=40037 | tokens_seen=163995648
Epoch 83/100 Step 400/484 | global_step=40087 | tokens_seen=164200448
Epoch 83/100 Step 450/484 | global_step=40137 | tokens_seen=164405248
Epoch 83/100 Step 484/484 | global_step=40171 | tokens_seen=164544512
Epoch: 83, Loss: 0.1944284979407945
Epoch 84/100 - starting (484 batches)
Epoch 84/100 Step 1/484 | global_step=40172 | tokens_seen=164548608
Epoch 84/100 Step 50/484 | global_step=40221 | tokens_seen=164749312
Epoch 84/100 Step 100/484 | global_step=40271 | tokens_seen=164954112
Epoch 84/100 Step 150/484 | global_step=40321 | tokens_seen=165158912
Epoch 84/100 Step 200/484 | global_step=40371 | tokens_seen=165363712
Epoch 84/100 Step 250/484 | global_step=40421 | tokens_seen=165568512
Epoch 84/100 Step 300/484 | global_step=40471 | tokens_seen=165773312
Epoch 84/100 Step 350/484 | global_step=40521 | tokens_seen=165978112
Epoch 84/100 Step 400/484 | global_step=40571 | tokens_seen=166182912
Epoch 84/100 Step 450/484 | global_step=40621 | tokens_seen=166387712
Epoch 84/100 Step 484/484 | global_step=40655 | tokens_seen=166526976
Epoch: 84, Loss: 0.19399957983823848
Epoch 85/100 - starting (484 batches)
Epoch 85/100 Step 1/484 | global_step=40656 | tokens_seen=166531072
Epoch 85/100 Step 50/484 | global_step=40705 | tokens_seen=166731776
Epoch 85/100 Step 100/484 | global_step=40755 | tokens_seen=166936576
Epoch 85/100 Step 150/484 | global_step=40805 | tokens_seen=167141376
Epoch 85/100 Step 200/484 | global_step=40855 | tokens_seen=167346176
Epoch 85/100 Step 250/484 | global_step=40905 | tokens_seen=167550976
Epoch 85/100 Step 300/484 | global_step=40955 | tokens_seen=167755776
[Milestone] Epoch 85/100 Step 345/484 | tokens_seen=167940096
Epoch 85/100 Step 350/484 | global_step=41005 | tokens_seen=167960576
Epoch 85/100 Step 400/484 | global_step=41055 | tokens_seen=168165376
Epoch 85/100 Step 450/484 | global_step=41105 | tokens_seen=168370176
Epoch 85/100 Step 484/484 | global_step=41139 | tokens_seen=168509440
Epoch: 85, Loss: 0.19416802899896607
Epoch 86/100 - starting (484 batches)
Epoch 86/100 Step 1/484 | global_step=41140 | tokens_seen=168513536
Epoch 86/100 Step 50/484 | global_step=41189 | tokens_seen=168714240
Epoch 86/100 Step 100/484 | global_step=41239 | tokens_seen=168919040
Epoch 86/100 Step 150/484 | global_step=41289 | tokens_seen=169123840
Epoch 86/100 Step 200/484 | global_step=41339 | tokens_seen=169328640
Epoch 86/100 Step 250/484 | global_step=41389 | tokens_seen=169533440
Epoch 86/100 Step 300/484 | global_step=41439 | tokens_seen=169738240
Epoch 86/100 Step 350/484 | global_step=41489 | tokens_seen=169943040
Epoch 86/100 Step 400/484 | global_step=41539 | tokens_seen=170147840
Epoch 86/100 Step 450/484 | global_step=41589 | tokens_seen=170352640
Epoch 86/100 Step 484/484 | global_step=41623 | tokens_seen=170491904
Epoch: 86, Loss: 0.19431316649371927
Epoch 87/100 - starting (484 batches)
Epoch 87/100 Step 1/484 | global_step=41624 | tokens_seen=170496000
Epoch 87/100 Step 50/484 | global_step=41673 | tokens_seen=170696704
Epoch 87/100 Step 100/484 | global_step=41723 | tokens_seen=170901504
Epoch 87/100 Step 150/484 | global_step=41773 | tokens_seen=171106304
Epoch 87/100 Step 200/484 | global_step=41823 | tokens_seen=171311104
Epoch 87/100 Step 250/484 | global_step=41873 | tokens_seen=171515904
Epoch 87/100 Step 300/484 | global_step=41923 | tokens_seen=171720704
Epoch 87/100 Step 350/484 | global_step=41973 | tokens_seen=171925504
[Milestone] Epoch 87/100 Step 377/484 | tokens_seen=172036096
Epoch 87/100 Step 400/484 | global_step=42023 | tokens_seen=172130304
Epoch 87/100 Step 450/484 | global_step=42073 | tokens_seen=172335104
Epoch 87/100 Step 484/484 | global_step=42107 | tokens_seen=172474368
Epoch: 87, Loss: 0.19387995765721502
Epoch 88/100 - starting (484 batches)
Epoch 88/100 Step 1/484 | global_step=42108 | tokens_seen=172478464
Epoch 88/100 Step 50/484 | global_step=42157 | tokens_seen=172679168
Epoch 88/100 Step 100/484 | global_step=42207 | tokens_seen=172883968
Epoch 88/100 Step 150/484 | global_step=42257 | tokens_seen=173088768
Epoch 88/100 Step 200/484 | global_step=42307 | tokens_seen=173293568
Epoch 88/100 Step 250/484 | global_step=42357 | tokens_seen=173498368
Epoch 88/100 Step 300/484 | global_step=42407 | tokens_seen=173703168
Epoch 88/100 Step 350/484 | global_step=42457 | tokens_seen=173907968
Epoch 88/100 Step 400/484 | global_step=42507 | tokens_seen=174112768
Epoch 88/100 Step 450/484 | global_step=42557 | tokens_seen=174317568
Epoch 88/100 Step 484/484 | global_step=42591 | tokens_seen=174456832
Epoch: 88, Loss: 0.1934447991700212
Epoch 89/100 - starting (484 batches)
Epoch 89/100 Step 1/484 | global_step=42592 | tokens_seen=174460928
Epoch 89/100 Step 50/484 | global_step=42641 | tokens_seen=174661632
Epoch 89/100 Step 100/484 | global_step=42691 | tokens_seen=174866432
Epoch 89/100 Step 150/484 | global_step=42741 | tokens_seen=175071232
Epoch 89/100 Step 200/484 | global_step=42791 | tokens_seen=175276032
Epoch 89/100 Step 250/484 | global_step=42841 | tokens_seen=175480832
Epoch 89/100 Step 300/484 | global_step=42891 | tokens_seen=175685632
Epoch 89/100 Step 350/484 | global_step=42941 | tokens_seen=175890432
Epoch 89/100 Step 400/484 | global_step=42991 | tokens_seen=176095232
[Milestone] Epoch 89/100 Step 409/484 | tokens_seen=176132096
Epoch 89/100 Step 450/484 | global_step=43041 | tokens_seen=176300032
Epoch 89/100 Step 484/484 | global_step=43075 | tokens_seen=176439296
Epoch: 89, Loss: 0.19355242557762084
Epoch 90/100 - starting (484 batches)
Epoch 90/100 Step 1/484 | global_step=43076 | tokens_seen=176443392
Epoch 90/100 Step 50/484 | global_step=43125 | tokens_seen=176644096
Epoch 90/100 Step 100/484 | global_step=43175 | tokens_seen=176848896
Epoch 90/100 Step 150/484 | global_step=43225 | tokens_seen=177053696
Epoch 90/100 Step 200/484 | global_step=43275 | tokens_seen=177258496
Epoch 90/100 Step 250/484 | global_step=43325 | tokens_seen=177463296
Epoch 90/100 Step 300/484 | global_step=43375 | tokens_seen=177668096
Epoch 90/100 Step 350/484 | global_step=43425 | tokens_seen=177872896
Epoch 90/100 Step 400/484 | global_step=43475 | tokens_seen=178077696
Epoch 90/100 Step 450/484 | global_step=43525 | tokens_seen=178282496
Epoch 90/100 Step 484/484 | global_step=43559 | tokens_seen=178421760
Epoch: 90, Loss: 0.1936480911248479
Epoch 91/100 - starting (484 batches)
Epoch 91/100 Step 1/484 | global_step=43560 | tokens_seen=178425856
Epoch 91/100 Step 50/484 | global_step=43609 | tokens_seen=178626560
Epoch 91/100 Step 100/484 | global_step=43659 | tokens_seen=178831360
Epoch 91/100 Step 150/484 | global_step=43709 | tokens_seen=179036160
Epoch 91/100 Step 200/484 | global_step=43759 | tokens_seen=179240960
Epoch 91/100 Step 250/484 | global_step=43809 | tokens_seen=179445760
Epoch 91/100 Step 300/484 | global_step=43859 | tokens_seen=179650560
Epoch 91/100 Step 350/484 | global_step=43909 | tokens_seen=179855360
Epoch 91/100 Step 400/484 | global_step=43959 | tokens_seen=180060160
[Milestone] Epoch 91/100 Step 441/484 | tokens_seen=180228096
Epoch 91/100 Step 450/484 | global_step=44009 | tokens_seen=180264960
Epoch 91/100 Step 484/484 | global_step=44043 | tokens_seen=180404224
Epoch: 91, Loss: 0.19315110190101892
Epoch 92/100 - starting (484 batches)
Epoch 92/100 Step 1/484 | global_step=44044 | tokens_seen=180408320
Epoch 92/100 Step 50/484 | global_step=44093 | tokens_seen=180609024
Epoch 92/100 Step 100/484 | global_step=44143 | tokens_seen=180813824
Epoch 92/100 Step 150/484 | global_step=44193 | tokens_seen=181018624
Epoch 92/100 Step 200/484 | global_step=44243 | tokens_seen=181223424
Epoch 92/100 Step 250/484 | global_step=44293 | tokens_seen=181428224
Epoch 92/100 Step 300/484 | global_step=44343 | tokens_seen=181633024
Epoch 92/100 Step 350/484 | global_step=44393 | tokens_seen=181837824
Epoch 92/100 Step 400/484 | global_step=44443 | tokens_seen=182042624
Epoch 92/100 Step 450/484 | global_step=44493 | tokens_seen=182247424
Epoch 92/100 Step 484/484 | global_step=44527 | tokens_seen=182386688
Epoch: 92, Loss: 0.1926170522270124
Epoch 93/100 - starting (484 batches)
Epoch 93/100 Step 1/484 | global_step=44528 | tokens_seen=182390784
Epoch 93/100 Step 50/484 | global_step=44577 | tokens_seen=182591488
Epoch 93/100 Step 100/484 | global_step=44627 | tokens_seen=182796288
Epoch 93/100 Step 150/484 | global_step=44677 | tokens_seen=183001088
Epoch 93/100 Step 200/484 | global_step=44727 | tokens_seen=183205888
Epoch 93/100 Step 250/484 | global_step=44777 | tokens_seen=183410688
Epoch 93/100 Step 300/484 | global_step=44827 | tokens_seen=183615488
Epoch 93/100 Step 350/484 | global_step=44877 | tokens_seen=183820288
Epoch 93/100 Step 400/484 | global_step=44927 | tokens_seen=184025088
Epoch 93/100 Step 450/484 | global_step=44977 | tokens_seen=184229888
[Milestone] Epoch 93/100 Step 473/484 | tokens_seen=184324096
Epoch 93/100 Step 484/484 | global_step=45011 | tokens_seen=184369152
Epoch: 93, Loss: 0.1930480114192017
Epoch 94/100 - starting (484 batches)
Epoch 94/100 Step 1/484 | global_step=45012 | tokens_seen=184373248
Epoch 94/100 Step 50/484 | global_step=45061 | tokens_seen=184573952
Epoch 94/100 Step 100/484 | global_step=45111 | tokens_seen=184778752
Epoch 94/100 Step 150/484 | global_step=45161 | tokens_seen=184983552
Epoch 94/100 Step 200/484 | global_step=45211 | tokens_seen=185188352
Epoch 94/100 Step 250/484 | global_step=45261 | tokens_seen=185393152
Epoch 94/100 Step 300/484 | global_step=45311 | tokens_seen=185597952
Epoch 94/100 Step 350/484 | global_step=45361 | tokens_seen=185802752
Epoch 94/100 Step 400/484 | global_step=45411 | tokens_seen=186007552
Epoch 94/100 Step 450/484 | global_step=45461 | tokens_seen=186212352
Epoch 94/100 Step 484/484 | global_step=45495 | tokens_seen=186351616
Epoch: 94, Loss: 0.19276919015798688
Epoch 95/100 - starting (484 batches)
Epoch 95/100 Step 1/484 | global_step=45496 | tokens_seen=186355712
Epoch 95/100 Step 50/484 | global_step=45545 | tokens_seen=186556416
Epoch 95/100 Step 100/484 | global_step=45595 | tokens_seen=186761216
Epoch 95/100 Step 150/484 | global_step=45645 | tokens_seen=186966016
Epoch 95/100 Step 200/484 | global_step=45695 | tokens_seen=187170816
Epoch 95/100 Step 250/484 | global_step=45745 | tokens_seen=187375616
Epoch 95/100 Step 300/484 | global_step=45795 | tokens_seen=187580416
Epoch 95/100 Step 350/484 | global_step=45845 | tokens_seen=187785216
Epoch 95/100 Step 400/484 | global_step=45895 | tokens_seen=187990016
Epoch 95/100 Step 450/484 | global_step=45945 | tokens_seen=188194816
Epoch 95/100 Step 484/484 | global_step=45979 | tokens_seen=188334080
Epoch: 95, Loss: 0.19221799007870935
Epoch 96/100 - starting (484 batches)
Epoch 96/100 Step 1/484 | global_step=45980 | tokens_seen=188338176
[Milestone] Epoch 96/100 Step 21/484 | tokens_seen=188420096
Epoch 96/100 Step 50/484 | global_step=46029 | tokens_seen=188538880
Epoch 96/100 Step 100/484 | global_step=46079 | tokens_seen=188743680
Epoch 96/100 Step 150/484 | global_step=46129 | tokens_seen=188948480
Epoch 96/100 Step 200/484 | global_step=46179 | tokens_seen=189153280
Epoch 96/100 Step 250/484 | global_step=46229 | tokens_seen=189358080
Epoch 96/100 Step 300/484 | global_step=46279 | tokens_seen=189562880
Epoch 96/100 Step 350/484 | global_step=46329 | tokens_seen=189767680
Epoch 96/100 Step 400/484 | global_step=46379 | tokens_seen=189972480
Epoch 96/100 Step 450/484 | global_step=46429 | tokens_seen=190177280
Epoch 96/100 Step 484/484 | global_step=46463 | tokens_seen=190316544
Epoch: 96, Loss: 0.19276447409440664
Epoch 97/100 - starting (484 batches)
Epoch 97/100 Step 1/484 | global_step=46464 | tokens_seen=190320640
Epoch 97/100 Step 50/484 | global_step=46513 | tokens_seen=190521344
Epoch 97/100 Step 100/484 | global_step=46563 | tokens_seen=190726144
Epoch 97/100 Step 150/484 | global_step=46613 | tokens_seen=190930944
Epoch 97/100 Step 200/484 | global_step=46663 | tokens_seen=191135744
Epoch 97/100 Step 250/484 | global_step=46713 | tokens_seen=191340544
Epoch 97/100 Step 300/484 | global_step=46763 | tokens_seen=191545344
Epoch 97/100 Step 350/484 | global_step=46813 | tokens_seen=191750144
Epoch 97/100 Step 400/484 | global_step=46863 | tokens_seen=191954944
Epoch 97/100 Step 450/484 | global_step=46913 | tokens_seen=192159744
Epoch 97/100 Step 484/484 | global_step=46947 | tokens_seen=192299008
Epoch: 97, Loss: 0.1925405289146526
Epoch 98/100 - starting (484 batches)
Epoch 98/100 Step 1/484 | global_step=46948 | tokens_seen=192303104
Epoch 98/100 Step 50/484 | global_step=46997 | tokens_seen=192503808
[Milestone] Epoch 98/100 Step 53/484 | tokens_seen=192516096
Epoch 98/100 Step 100/484 | global_step=47047 | tokens_seen=192708608
Epoch 98/100 Step 150/484 | global_step=47097 | tokens_seen=192913408
Epoch 98/100 Step 200/484 | global_step=47147 | tokens_seen=193118208
Epoch 98/100 Step 250/484 | global_step=47197 | tokens_seen=193323008
Epoch 98/100 Step 300/484 | global_step=47247 | tokens_seen=193527808
Epoch 98/100 Step 350/484 | global_step=47297 | tokens_seen=193732608
Epoch 98/100 Step 400/484 | global_step=47347 | tokens_seen=193937408
Epoch 98/100 Step 450/484 | global_step=47397 | tokens_seen=194142208
Epoch 98/100 Step 484/484 | global_step=47431 | tokens_seen=194281472
Epoch: 98, Loss: 0.1917290977887378
Epoch 99/100 - starting (484 batches)
Epoch 99/100 Step 1/484 | global_step=47432 | tokens_seen=194285568
Epoch 99/100 Step 50/484 | global_step=47481 | tokens_seen=194486272
Epoch 99/100 Step 100/484 | global_step=47531 | tokens_seen=194691072
Epoch 99/100 Step 150/484 | global_step=47581 | tokens_seen=194895872
Epoch 99/100 Step 200/484 | global_step=47631 | tokens_seen=195100672
Epoch 99/100 Step 250/484 | global_step=47681 | tokens_seen=195305472
Epoch 99/100 Step 300/484 | global_step=47731 | tokens_seen=195510272
Epoch 99/100 Step 350/484 | global_step=47781 | tokens_seen=195715072
Epoch 99/100 Step 400/484 | global_step=47831 | tokens_seen=195919872
Epoch 99/100 Step 450/484 | global_step=47881 | tokens_seen=196124672
Epoch 99/100 Step 484/484 | global_step=47915 | tokens_seen=196263936
Epoch: 99, Loss: 0.1924327313899994
Epoch 100/100 - starting (484 batches)
Epoch 100/100 Step 1/484 | global_step=47916 | tokens_seen=196268032
Epoch 100/100 Step 50/484 | global_step=47965 | tokens_seen=196468736
[Milestone] Epoch 100/100 Step 85/484 | tokens_seen=196612096
Epoch 100/100 Step 100/484 | global_step=48015 | tokens_seen=196673536
Epoch 100/100 Step 150/484 | global_step=48065 | tokens_seen=196878336
Epoch 100/100 Step 200/484 | global_step=48115 | tokens_seen=197083136
Epoch 100/100 Step 250/484 | global_step=48165 | tokens_seen=197287936
Epoch 100/100 Step 300/484 | global_step=48215 | tokens_seen=197492736
Epoch 100/100 Step 350/484 | global_step=48265 | tokens_seen=197697536
Epoch 100/100 Step 400/484 | global_step=48315 | tokens_seen=197902336
Epoch 100/100 Step 450/484 | global_step=48365 | tokens_seen=198107136
Epoch 100/100 Step 484/484 | global_step=48399 | tokens_seen=198246400
Epoch: 100, Loss: 0.19216378011609897
12.73	 257	  a
12.04	 973	  used
11.79	 284	  to
10.52	 1479	  free
9.28	 0	 !
8.50	 2982	  heard
8.17	 287	  in
7.97	 991	  still
7.71	 30	 ?
7.70	 845	  very
 a
0 : Harry, you are a little closer to the glass. Bright green — exactly the same shape, but then he noticed that she was crying; smiling, but crying at the same spell suddenly dashed at the same time. “We only wondered who do have got the same time
1 : Harry, you are a little closer to the glass. Bright green — exactly the same shape, but then he noticed that she was crying; smiling, but crying at the same spell…’re lucky, but nothing worse, because it seemed to go to go to go
2 : Harry, you are a little closer to the glass. Bright green — exactly the same shape, but then he noticed that she was crying; smiling, but crying at the same spell…’s the same time for it had to go to go to go to be careful
3 : Harry, you are a little way outside the village,” said George. “Ottery St. Catchpole.” Lower and lower went the flying car — all three sides. The four long as the flying car gave a headmaster. It lunged
4 : Harry, you are a little way outside the village,” said George. “Ottery St. Catchpole.” Lower and lower went the flying car crash the flying car crash with flying car crash — all three of them in. At the flying car
5 : Harry, you are a little way outside the village,” said George. “Ottery St. Catchpole.” Lower and lower went the flying car — all three sides. The Slytherin’s off to knock them in of those letters
6 : Harry, you are a little way outside the village,” said George. “Ottery St. Catchpole.” Lower and lower went the flying car — all three of them have been waiting. The Chamber of those flying car — all three sides of
7 : Harry, you are a little private training, don’t hesitate to ask. Always happy to pass on my expertise to less able players…” Harry made an indist to show them all this; this wasn’sounds like a voice. “This is
8 : Harry, you are a little private training, don’t hesitate to ask. Always happy to pass on my expertise to less able players…” Harry made an indist, Ron” Harry, but nothing. “Can we try and make a were no one
9 : Harry, you are a little way outside the village,” said George. “Ottery St. Catchpole.” Lower and lower went the flying car crash the flying car crash — all three of them in. At the flying car — all three of
